This file contains any messages produced by compilers while
running configure, to aid debugging if configure makes a mistake.

It was created by tk configure 8.5, which was
generated by GNU Autoconf 2.59.  Invocation command line was

  $ ./configure --enable-gcc --disable-shared --disable-xft --disable-xss --prefix=/Users/mac/Desktop/ns-allinone-2.35

## --------- ##
## Platform. ##
## --------- ##

hostname = MACs-MacBook-Pro.local
uname -m = x86_64
uname -r = 17.3.0
uname -s = Darwin
uname -v = Darwin Kernel Version 17.3.0: Thu Nov  9 18:09:22 PST 2017; root:xnu-4570.31.3~1/RELEASE_X86_64

/usr/bin/uname -p = i386
/bin/uname -X     = unknown

/bin/arch              = unknown
/usr/bin/arch -k       = unknown
/usr/convex/getsysinfo = unknown
hostinfo               = Mach kernel version:
	 Darwin Kernel Version 17.3.0: Thu Nov  9 18:09:22 PST 2017; root:xnu-4570.31.3~1/RELEASE_X86_64
Kernel configured for up to 4 processors.
2 processors are physically available.
4 processors are logically available.
Processor type: x86_64h (Intel x86-64h Haswell)
Processors active: 0 1 2 3
Primary memory available: 8.00 gigabytes
Default processor set: 361 tasks, 1198 threads, 4 processors
Load average: 3.53, Mach factor: 1.04
/bin/machine           = unknown
/usr/bin/oslevel       = unknown
/bin/universe          = unknown

PATH: /Users/mac/Desktop/ns-allinone-2.35/bin
PATH: /usr/local/bin
PATH: /usr/bin
PATH: /bin
PATH: /usr/sbin
PATH: /sbin
PATH: /Applications/VMware


## ----------- ##
## Core tests. ##
## ----------- ##

configure:1365: checking for Tcl configuration
configure:1469: result: found /Users/mac/Desktop/ns-allinone-2.35/tcl8.5.10/unix/tclConfig.sh
configure:1475: checking for existence of /Users/mac/Desktop/ns-allinone-2.35/tcl8.5.10/unix/tclConfig.sh
configure:1479: result: loading
configure:1545: checking for tclsh
configure:1569: result: /Users/mac/Desktop/ns-allinone-2.35/bin/tclsh8.5
configure:1580: checking for tclsh in Tcl build directory
configure:1583: result: /Users/mac/Desktop/ns-allinone-2.35/tcl8.5.10/unix/tclsh
configure:1617: checking whether to use symlinks for manpages
configure:1626: result: no
configure:1629: checking whether to compress the manpages
configure:1644: result: no
configure:1658: checking whether to add a package name suffix for the manpages
configure:1671: result: no
configure:1733: checking for gcc
configure:1749: found /usr/bin/gcc
configure:1759: result: gcc
configure:2003: checking for C compiler version
configure:2006: gcc --version </dev/null >&5
Configured with: --prefix=/Applications/Xcode.app/Contents/Developer/usr --with-gxx-include-dir=/Applications/Xcode.app/Contents/Developer/Platforms/MacOSX.platform/Developer/SDKs/MacOSX10.13.sdk/usr/include/c++/4.2.1
Apple LLVM version 9.0.0 (clang-900.0.39.2)
Target: x86_64-apple-darwin17.3.0
Thread model: posix
InstalledDir: /Applications/Xcode.app/Contents/Developer/Toolchains/XcodeDefault.xctoolchain/usr/bin
configure:2009: $? = 0
configure:2011: gcc -v </dev/null >&5
Configured with: --prefix=/Applications/Xcode.app/Contents/Developer/usr --with-gxx-include-dir=/Applications/Xcode.app/Contents/Developer/Platforms/MacOSX.platform/Developer/SDKs/MacOSX10.13.sdk/usr/include/c++/4.2.1
Apple LLVM version 9.0.0 (clang-900.0.39.2)
Target: x86_64-apple-darwin17.3.0
Thread model: posix
InstalledDir: /Applications/Xcode.app/Contents/Developer/Toolchains/XcodeDefault.xctoolchain/usr/bin
configure:2014: $? = 0
configure:2016: gcc -V </dev/null >&5
clang: error: argument to '-V' is missing (expected 1 value)
clang: error: no input files
configure:2019: $? = 1
configure:2042: checking for C compiler default output file name
configure:2045: gcc    conftest.c  >&5
configure:2048: $? = 0
configure:2094: result: a.out
configure:2099: checking whether the C compiler works
configure:2105: ./a.out
configure:2108: $? = 0
configure:2125: result: yes
configure:2132: checking whether we are cross compiling
configure:2134: result: no
configure:2137: checking for suffix of executables
configure:2139: gcc -o conftest    conftest.c  >&5
configure:2142: $? = 0
configure:2167: result: 
configure:2173: checking for suffix of object files
configure:2194: gcc -c   conftest.c >&5
configure:2197: $? = 0
configure:2219: result: o
configure:2223: checking whether we are using the GNU C compiler
configure:2247: gcc -c   conftest.c >&5
configure:2253: $? = 0
configure:2257: test -z 
			 || test ! -s conftest.err
configure:2260: $? = 0
configure:2263: test -s conftest.o
configure:2266: $? = 0
configure:2279: result: yes
configure:2285: checking whether gcc accepts -g
configure:2306: gcc -c -g  conftest.c >&5
configure:2312: $? = 0
configure:2316: test -z 
			 || test ! -s conftest.err
configure:2319: $? = 0
configure:2322: test -s conftest.o
configure:2325: $? = 0
configure:2336: result: yes
configure:2353: checking for gcc option to accept ANSI C
configure:2423: gcc  -c   conftest.c >&5
configure:2429: $? = 0
configure:2433: test -z 
			 || test ! -s conftest.err
configure:2436: $? = 0
configure:2439: test -s conftest.o
configure:2442: $? = 0
configure:2460: result: none needed
configure:2478: gcc -c   conftest.c >&5
conftest.c:2:3: error: unknown type name 'choke'
  choke me
  ^
conftest.c:2:11: error: expected ';' after top level declarator
  choke me
          ^
          ;
2 errors generated.
configure:2484: $? = 1
configure: failed program was:
| #ifndef __cplusplus
|   choke me
| #endif
configure:2626: checking how to run the C preprocessor
configure:2661: gcc -E  conftest.c
configure:2667: $? = 0
configure:2699: gcc -E  conftest.c
conftest.c:9:10: fatal error: 'ac_nonexistent.h' file not found
#include <ac_nonexistent.h>
         ^~~~~~~~~~~~~~~~~~
1 error generated.
configure:2705: $? = 1
configure: failed program was:
| /* confdefs.h.  */
| 
| #define PACKAGE_NAME "tk"
| #define PACKAGE_TARNAME "tk"
| #define PACKAGE_VERSION "8.5"
| #define PACKAGE_STRING "tk 8.5"
| #define PACKAGE_BUGREPORT ""
| /* end confdefs.h.  */
| #include <ac_nonexistent.h>
configure:2744: result: gcc -E
configure:2768: gcc -E  conftest.c
configure:2774: $? = 0
configure:2806: gcc -E  conftest.c
conftest.c:9:10: fatal error: 'ac_nonexistent.h' file not found
#include <ac_nonexistent.h>
         ^~~~~~~~~~~~~~~~~~
1 error generated.
configure:2812: $? = 1
configure: failed program was:
| /* confdefs.h.  */
| 
| #define PACKAGE_NAME "tk"
| #define PACKAGE_TARNAME "tk"
| #define PACKAGE_VERSION "8.5"
| #define PACKAGE_STRING "tk 8.5"
| #define PACKAGE_BUGREPORT ""
| /* end confdefs.h.  */
| #include <ac_nonexistent.h>
configure:2856: checking for egrep
configure:2866: result: grep -E
configure:2871: checking for ANSI C header files
configure:2896: gcc -c   conftest.c >&5
configure:2902: $? = 0
configure:2906: test -z 
			 || test ! -s conftest.err
configure:2909: $? = 0
configure:2912: test -s conftest.o
configure:2915: $? = 0
configure:3004: gcc -o conftest    conftest.c  >&5
conftest.c:26:7: warning: implicitly declaring library function 'exit' with type 'void (int) __attribute__((noreturn))' [-Wimplicit-function-declaration]
      exit(2);
      ^
conftest.c:26:7: note: include the header <stdlib.h> or explicitly provide a declaration for 'exit'
1 warning generated.
configure:3007: $? = 0
configure:3009: ./conftest
configure:3012: $? = 0
configure:3027: result: yes
configure:3051: checking for sys/types.h
configure:3067: gcc -c   conftest.c >&5
configure:3073: $? = 0
configure:3077: test -z 
			 || test ! -s conftest.err
configure:3080: $? = 0
configure:3083: test -s conftest.o
configure:3086: $? = 0
configure:3097: result: yes
configure:3051: checking for sys/stat.h
configure:3067: gcc -c   conftest.c >&5
configure:3073: $? = 0
configure:3077: test -z 
			 || test ! -s conftest.err
configure:3080: $? = 0
configure:3083: test -s conftest.o
configure:3086: $? = 0
configure:3097: result: yes
configure:3051: checking for stdlib.h
configure:3067: gcc -c   conftest.c >&5
configure:3073: $? = 0
configure:3077: test -z 
			 || test ! -s conftest.err
configure:3080: $? = 0
configure:3083: test -s conftest.o
configure:3086: $? = 0
configure:3097: result: yes
configure:3051: checking for string.h
configure:3067: gcc -c   conftest.c >&5
configure:3073: $? = 0
configure:3077: test -z 
			 || test ! -s conftest.err
configure:3080: $? = 0
configure:3083: test -s conftest.o
configure:3086: $? = 0
configure:3097: result: yes
configure:3051: checking for memory.h
configure:3067: gcc -c   conftest.c >&5
configure:3073: $? = 0
configure:3077: test -z 
			 || test ! -s conftest.err
configure:3080: $? = 0
configure:3083: test -s conftest.o
configure:3086: $? = 0
configure:3097: result: yes
configure:3051: checking for strings.h
configure:3067: gcc -c   conftest.c >&5
configure:3073: $? = 0
configure:3077: test -z 
			 || test ! -s conftest.err
configure:3080: $? = 0
configure:3083: test -s conftest.o
configure:3086: $? = 0
configure:3097: result: yes
configure:3051: checking for inttypes.h
configure:3067: gcc -c   conftest.c >&5
configure:3073: $? = 0
configure:3077: test -z 
			 || test ! -s conftest.err
configure:3080: $? = 0
configure:3083: test -s conftest.o
configure:3086: $? = 0
configure:3097: result: yes
configure:3051: checking for stdint.h
configure:3067: gcc -c   conftest.c >&5
configure:3073: $? = 0
configure:3077: test -z 
			 || test ! -s conftest.err
configure:3080: $? = 0
configure:3083: test -s conftest.o
configure:3086: $? = 0
configure:3097: result: yes
configure:3051: checking for unistd.h
configure:3067: gcc -c   conftest.c >&5
configure:3073: $? = 0
configure:3077: test -z 
			 || test ! -s conftest.err
configure:3080: $? = 0
configure:3083: test -s conftest.o
configure:3086: $? = 0
configure:3097: result: yes
configure:3119: checking limits.h usability
configure:3131: gcc -c   conftest.c >&5
configure:3137: $? = 0
configure:3141: test -z 
			 || test ! -s conftest.err
configure:3144: $? = 0
configure:3147: test -s conftest.o
configure:3150: $? = 0
configure:3160: result: yes
configure:3164: checking limits.h presence
configure:3174: gcc -E  conftest.c
configure:3180: $? = 0
configure:3200: result: yes
configure:3235: checking for limits.h
configure:3242: result: yes
configure:3268: checking for stdlib.h
configure:3273: result: yes
configure:3476: checking if the compiler understands -pipe
configure:3499: gcc -c  -pipe  conftest.c >&5
configure:3505: $? = 0
configure:3509: test -z 
			 || test ! -s conftest.err
configure:3512: $? = 0
configure:3515: test -s conftest.o
configure:3518: $? = 0
configure:3530: result: yes
configure:4449: checking for building with threads
configure:4465: result: no (default)
configure:4476: checking how to build libraries
configure:4498: result: static
configure:4556: checking for ranlib
configure:4572: found /usr/bin/ranlib
configure:4583: result: ranlib
configure:4599: checking if 64bit support is requested
configure:4608: result: no
configure:4613: checking if 64bit Sparc VIS support is requested
configure:4622: result: no
configure:4633: checking if compiler supports visibility "hidden"
configure:4658: gcc -o conftest  -pipe -Werror   conftest.c  >&5
configure:4664: $? = 0
configure:4668: test -z 
			 || test ! -s conftest.err
configure:4671: $? = 0
configure:4674: test -s conftest
configure:4677: $? = 0
configure:4690: result: yes
configure:4705: checking if rpath support is requested
configure:4714: result: yes
configure:4721: checking system version
configure:4749: result: Darwin-17.3.0
configure:4757: checking for dlopen in -ldl
configure:4787: gcc -o conftest  -pipe   conftest.c -ldl   >&5
configure:4793: $? = 0
configure:4797: test -z 
			 || test ! -s conftest.err
configure:4800: $? = 0
configure:4803: test -s conftest
configure:4806: $? = 0
configure:4819: result: yes
configure:4901: checking for ar
configure:4917: found /usr/bin/ar
configure:4927: result: ar
configure:6076: checking if ld accepts -single_module flag
configure:6100: gcc -o conftest -pipe     -dynamiclib -Wl,-single_module conftest.c  >&5
configure:6106: $? = 0
configure:6110: test -z 
			 || test ! -s conftest.err
configure:6113: $? = 0
configure:6116: test -s conftest
configure:6119: $? = 0
configure:6132: result: yes
configure:6151: checking if ld accepts -search_paths_first flag
configure:6175: gcc -o conftest -pipe     -prebind -headerpad_max_install_names -Wl,-search_paths_first conftest.c  >&5
configure:6181: $? = 0
configure:6185: test -z 
			 || test ! -s conftest.err
configure:6188: $? = 0
configure:6191: test -s conftest
configure:6194: $? = 0
configure:6207: result: yes
configure:6235: checking whether to use CoreFoundation
configure:6244: result: yes
configure:6248: checking for CoreFoundation.framework
configure:6283: gcc -o conftest -pipe     -prebind -headerpad_max_install_names -Wl,-search_paths_first conftest.c  -framework CoreFoundation >&5
configure:6289: $? = 0
configure:6293: test -z 
			 || test ! -s conftest.err
configure:6296: $? = 0
configure:6299: test -s conftest
configure:6302: $? = 0
configure:6322: result: yes
configure:7196: checking for build with symbols
configure:7210: result: no
configure:7260: checking for required early compiler flags
configure:7283: gcc -c -pipe    conftest.c >&5
configure:7289: $? = 0
configure:7293: test -z 
			 || test ! -s conftest.err
configure:7296: $? = 0
configure:7299: test -s conftest.o
configure:7302: $? = 0
configure:7388: gcc -c -pipe    conftest.c >&5
conftest.c:31:28: warning: 'stat64' is deprecated: first deprecated in macOS 10.6 [-Wdeprecated-declarations]
struct stat64 buf; int i = stat64("/", &buf);
                           ^
/Applications/Xcode.app/Contents/Developer/Platforms/MacOSX.platform/Developer/SDKs/MacOSX10.13.sdk/usr/include/sys/stat.h:402:5: note: 'stat64' has been explicitly marked deprecated here
int     stat64(const char *, struct stat64 *) __OSX_AVAILABLE_BUT_DEPRECATED(__MAC_10_5,__MAC_10_6,__IPHONE_NA,__IPHONE_NA);
        ^
1 warning generated.
configure:7394: $? = 0
configure:7398: test -z 
			 || test ! -s conftest.err
configure:7401: $? = 0
configure:7404: test -s conftest.o
configure:7407: $? = 0
configure:7493: gcc -c -pipe    conftest.c >&5
conftest.c:31:19: error: use of undeclared identifier 'open64'
char *p = (char *)open64;
                  ^
1 error generated.
configure:7499: $? = 1
configure: failed program was:
| /* confdefs.h.  */
| 
| #define PACKAGE_NAME "tk"
| #define PACKAGE_TARNAME "tk"
| #define PACKAGE_VERSION "8.5"
| #define PACKAGE_STRING "tk 8.5"
| #define PACKAGE_BUGREPORT ""
| #define STDC_HEADERS 1
| #define HAVE_SYS_TYPES_H 1
| #define HAVE_SYS_STAT_H 1
| #define HAVE_STDLIB_H 1
| #define HAVE_STRING_H 1
| #define HAVE_MEMORY_H 1
| #define HAVE_STRINGS_H 1
| #define HAVE_INTTYPES_H 1
| #define HAVE_STDINT_H 1
| #define HAVE_UNISTD_H 1
| #define HAVE_LIMITS_H 1
| #define STATIC_BUILD 1
| #define MODULE_SCOPE extern __attribute__((__visibility__("hidden")))
| #define MAC_OSX_TCL 1
| #define HAVE_COREFOUNDATION 1
| #define TCL_SHLIB_EXT ".dylib"
| #define TCL_CFG_OPTIMIZED 1
| #define TCL_CFG_DEBUG 1
| /* end confdefs.h.  */
| #include <sys/stat.h>
| int
| main ()
| {
| char *p = (char *)open64;
|   ;
|   return 0;
| }
configure:7536: gcc -c -pipe    conftest.c >&5
conftest.c:32:19: error: use of undeclared identifier 'open64'
char *p = (char *)open64;
                  ^
1 error generated.
configure:7542: $? = 1
configure: failed program was:
| /* confdefs.h.  */
| 
| #define PACKAGE_NAME "tk"
| #define PACKAGE_TARNAME "tk"
| #define PACKAGE_VERSION "8.5"
| #define PACKAGE_STRING "tk 8.5"
| #define PACKAGE_BUGREPORT ""
| #define STDC_HEADERS 1
| #define HAVE_SYS_TYPES_H 1
| #define HAVE_SYS_STAT_H 1
| #define HAVE_STDLIB_H 1
| #define HAVE_STRING_H 1
| #define HAVE_MEMORY_H 1
| #define HAVE_STRINGS_H 1
| #define HAVE_INTTYPES_H 1
| #define HAVE_STDINT_H 1
| #define HAVE_UNISTD_H 1
| #define HAVE_LIMITS_H 1
| #define STATIC_BUILD 1
| #define MODULE_SCOPE extern __attribute__((__visibility__("hidden")))
| #define MAC_OSX_TCL 1
| #define HAVE_COREFOUNDATION 1
| #define TCL_SHLIB_EXT ".dylib"
| #define TCL_CFG_OPTIMIZED 1
| #define TCL_CFG_DEBUG 1
| /* end confdefs.h.  */
| #define _LARGEFILE_SOURCE64 1
| #include <sys/stat.h>
| int
| main ()
| {
| char *p = (char *)open64;
|   ;
|   return 0;
| }
configure:7579: result: none
configure:7588: checking for 64-bit integer type
configure:7612: gcc -c -pipe    conftest.c >&5
conftest.c:31:1: error: use of undeclared identifier '__int64'
__int64 value = (__int64) 0;
^
1 error generated.
configure:7618: $? = 1
configure: failed program was:
| /* confdefs.h.  */
| 
| #define PACKAGE_NAME "tk"
| #define PACKAGE_TARNAME "tk"
| #define PACKAGE_VERSION "8.5"
| #define PACKAGE_STRING "tk 8.5"
| #define PACKAGE_BUGREPORT ""
| #define STDC_HEADERS 1
| #define HAVE_SYS_TYPES_H 1
| #define HAVE_SYS_STAT_H 1
| #define HAVE_STDLIB_H 1
| #define HAVE_STRING_H 1
| #define HAVE_MEMORY_H 1
| #define HAVE_STRINGS_H 1
| #define HAVE_INTTYPES_H 1
| #define HAVE_STDINT_H 1
| #define HAVE_UNISTD_H 1
| #define HAVE_LIMITS_H 1
| #define STATIC_BUILD 1
| #define MODULE_SCOPE extern __attribute__((__visibility__("hidden")))
| #define MAC_OSX_TCL 1
| #define HAVE_COREFOUNDATION 1
| #define TCL_SHLIB_EXT ".dylib"
| #define TCL_CFG_OPTIMIZED 1
| #define TCL_CFG_DEBUG 1
| /* end confdefs.h.  */
| 
| int
| main ()
| {
| __int64 value = (__int64) 0;
|   ;
|   return 0;
| }
configure:7662: gcc -c -pipe    conftest.c >&5
conftest.c:32:26: error: duplicate case value '1'
            case 1: case (sizeof(long long)==sizeof(long)): ;
                         ^
conftest.c:32:18: note: previous case defined here
            case 1: case (sizeof(long long)==sizeof(long)): ;
                 ^
1 error generated.
configure:7668: $? = 1
configure: failed program was:
| /* confdefs.h.  */
| 
| #define PACKAGE_NAME "tk"
| #define PACKAGE_TARNAME "tk"
| #define PACKAGE_VERSION "8.5"
| #define PACKAGE_STRING "tk 8.5"
| #define PACKAGE_BUGREPORT ""
| #define STDC_HEADERS 1
| #define HAVE_SYS_TYPES_H 1
| #define HAVE_SYS_STAT_H 1
| #define HAVE_STDLIB_H 1
| #define HAVE_STRING_H 1
| #define HAVE_MEMORY_H 1
| #define HAVE_STRINGS_H 1
| #define HAVE_INTTYPES_H 1
| #define HAVE_STDINT_H 1
| #define HAVE_UNISTD_H 1
| #define HAVE_LIMITS_H 1
| #define STATIC_BUILD 1
| #define MODULE_SCOPE extern __attribute__((__visibility__("hidden")))
| #define MAC_OSX_TCL 1
| #define HAVE_COREFOUNDATION 1
| #define TCL_SHLIB_EXT ".dylib"
| #define TCL_CFG_OPTIMIZED 1
| #define TCL_CFG_DEBUG 1
| /* end confdefs.h.  */
| 
| int
| main ()
| {
| switch (0) {
|             case 1: case (sizeof(long long)==sizeof(long)): ;
|         }
|   ;
|   return 0;
| }
configure:7698: result: using long
configure:8014: checking whether byte ordering is bigendian
configure:8041: gcc -c -pipe    conftest.c >&5
configure:8047: $? = 0
configure:8051: test -z 
			 || test ! -s conftest.err
configure:8054: $? = 0
configure:8057: test -s conftest.o
configure:8060: $? = 0
configure:8084: gcc -c -pipe    conftest.c >&5
conftest.c:35:2: error: use of undeclared identifier 'not'
 not big endian
 ^
1 error generated.
configure:8090: $? = 1
configure: failed program was:
| /* confdefs.h.  */
| 
| #define PACKAGE_NAME "tk"
| #define PACKAGE_TARNAME "tk"
| #define PACKAGE_VERSION "8.5"
| #define PACKAGE_STRING "tk 8.5"
| #define PACKAGE_BUGREPORT ""
| #define STDC_HEADERS 1
| #define HAVE_SYS_TYPES_H 1
| #define HAVE_SYS_STAT_H 1
| #define HAVE_STDLIB_H 1
| #define HAVE_STRING_H 1
| #define HAVE_MEMORY_H 1
| #define HAVE_STRINGS_H 1
| #define HAVE_INTTYPES_H 1
| #define HAVE_STDINT_H 1
| #define HAVE_UNISTD_H 1
| #define HAVE_LIMITS_H 1
| #define STATIC_BUILD 1
| #define MODULE_SCOPE extern __attribute__((__visibility__("hidden")))
| #define MAC_OSX_TCL 1
| #define HAVE_COREFOUNDATION 1
| #define TCL_SHLIB_EXT ".dylib"
| #define TCL_CFG_OPTIMIZED 1
| #define TCL_CFG_DEBUG 1
| #define TCL_WIDE_INT_IS_LONG 1
| /* end confdefs.h.  */
| #include <sys/types.h>
| #include <sys/param.h>
| 
| int
| main ()
| {
| #if BYTE_ORDER != BIG_ENDIAN
|  not big endian
| #endif
| 
|   ;
|   return 0;
| }
configure:8225: result: no
configure:8275: checking for fd_set in sys/types
configure:8297: gcc -c -pipe    conftest.c >&5
configure:8303: $? = 0
configure:8307: test -z 
			 || test ! -s conftest.err
configure:8310: $? = 0
configure:8313: test -s conftest.o
configure:8316: $? = 0
configure:8327: result: yes
configure:8392: checking sys/time.h usability
configure:8404: gcc -c -pipe    conftest.c >&5
configure:8410: $? = 0
configure:8414: test -z 
			 || test ! -s conftest.err
configure:8417: $? = 0
configure:8420: test -s conftest.o
configure:8423: $? = 0
configure:8433: result: yes
configure:8437: checking sys/time.h presence
configure:8447: gcc -E   conftest.c
configure:8453: $? = 0
configure:8473: result: yes
configure:8508: checking for sys/time.h
configure:8515: result: yes
configure:8528: checking whether time.h and sys/time.h may both be included
configure:8553: gcc -c -pipe    conftest.c >&5
configure:8559: $? = 0
configure:8563: test -z 
			 || test ! -s conftest.err
configure:8566: $? = 0
configure:8569: test -s conftest.o
configure:8572: $? = 0
configure:8583: result: yes
configure:8602: checking for strtod
configure:8659: gcc -o conftest -pipe     -prebind -headerpad_max_install_names -Wl,-search_paths_first  conftest.c  -framework CoreFoundation >&5
configure:8665: $? = 0
configure:8669: test -z 
			 || test ! -s conftest.err
configure:8672: $? = 0
configure:8675: test -s conftest
configure:8678: $? = 0
configure:8690: result: yes
configure:8699: checking for Solaris2.4/Tru64 strtod bugs
configure:8736: gcc -o conftest -pipe     -prebind -headerpad_max_install_names -Wl,-search_paths_first  conftest.c  -framework CoreFoundation >&5
conftest.c:38:4: warning: implicitly declaring library function 'exit' with type 'void (int) __attribute__((noreturn))' [-Wimplicit-function-declaration]
                        exit(1);
                        ^
conftest.c:38:4: note: include the header <stdlib.h> or explicitly provide a declaration for 'exit'
1 warning generated.
configure:8739: $? = 0
configure:8741: ./conftest
configure:8744: $? = 0
configure:8758: result: ok
configure:8784: checking for mode_t
configure:8808: gcc -c -pipe    conftest.c >&5
configure:8814: $? = 0
configure:8818: test -z 
			 || test ! -s conftest.err
configure:8821: $? = 0
configure:8824: test -s conftest.o
configure:8827: $? = 0
configure:8838: result: yes
configure:8850: checking for pid_t
configure:8874: gcc -c -pipe    conftest.c >&5
configure:8880: $? = 0
configure:8884: test -z 
			 || test ! -s conftest.err
configure:8887: $? = 0
configure:8890: test -s conftest.o
configure:8893: $? = 0
configure:8904: result: yes
configure:8916: checking for size_t
configure:8940: gcc -c -pipe    conftest.c >&5
configure:8946: $? = 0
configure:8950: test -z 
			 || test ! -s conftest.err
configure:8953: $? = 0
configure:8956: test -s conftest.o
configure:8959: $? = 0
configure:8970: result: yes
configure:8982: checking for uid_t in sys/types.h
configure:9005: result: yes
configure:9021: checking for intptr_t
configure:9045: gcc -c -pipe    conftest.c >&5
configure:9051: $? = 0
configure:9055: test -z 
			 || test ! -s conftest.err
configure:9058: $? = 0
configure:9061: test -s conftest.o
configure:9064: $? = 0
configure:9075: result: yes
configure:9156: checking for uintptr_t
configure:9180: gcc -c -pipe    conftest.c >&5
configure:9186: $? = 0
configure:9190: test -z 
			 || test ! -s conftest.err
configure:9193: $? = 0
configure:9196: test -s conftest.o
configure:9199: $? = 0
configure:9210: result: yes
configure:9297: checking pw_gecos in struct pwd
configure:9319: gcc -c -pipe    conftest.c >&5
conftest.c:36:24: warning: expression result unused [-Wunused-value]
struct passwd pwd; pwd.pw_gecos;
                   ~~~ ^~~~~~~~
1 warning generated.
configure:9325: $? = 0
configure:9329: test -z 
			 || test ! -s conftest.err
configure:9332: $? = 0
configure:9335: test -s conftest.o
configure:9338: $? = 0
configure:9349: result: yes
configure:9364: checking whether to use Aqua
configure:9390: result: no
configure:9470: checking if ld accepts -weak-l flag
configure:9494: gcc -o conftest -pipe     -prebind -headerpad_max_install_names -Wl,-search_paths_first  -Wl,-weak-lm conftest.c  -framework CoreFoundation >&5
configure:9500: $? = 0
configure:9504: test -z 
			 || test ! -s conftest.err
configure:9507: $? = 0
configure:9510: test -s conftest
configure:9513: $? = 0
configure:9526: result: yes
configure:9543: checking AvailabilityMacros.h usability
configure:9555: gcc -c -pipe    conftest.c >&5
configure:9561: $? = 0
configure:9565: test -z 
			 || test ! -s conftest.err
configure:9568: $? = 0
configure:9571: test -s conftest.o
configure:9574: $? = 0
configure:9584: result: yes
configure:9588: checking AvailabilityMacros.h presence
configure:9598: gcc -E   conftest.c
configure:9604: $? = 0
configure:9624: result: yes
configure:9659: checking for AvailabilityMacros.h
configure:9666: result: yes
configure:9680: checking if weak import is available
configure:9712: gcc -o conftest -pipe  -Werror    -prebind -headerpad_max_install_names -Wl,-search_paths_first  conftest.c  -framework CoreFoundation >&5
configure:9718: $? = 0
configure:9722: test -z 
			 || test ! -s conftest.err
configure:9725: $? = 0
configure:9728: test -s conftest
configure:9731: $? = 0
configure:9744: result: yes
configure:9753: checking if Darwin SUSv3 extensions are available
configure:9786: gcc -c -pipe  -Werror   conftest.c >&5
configure:9792: $? = 0
configure:9796: test -z 
			 || test ! -s conftest.err
configure:9799: $? = 0
configure:9802: test -s conftest.o
configure:9805: $? = 0
configure:9817: result: yes
configure:9858: checking for X
configure:9963: gcc -E   conftest.c
conftest.c:36:10: fatal error: 'X11/Xlib.h' file not found
#include <X11/Xlib.h>
         ^~~~~~~~~~~~
1 error generated.
configure:9969: $? = 1
configure: failed program was:
| /* confdefs.h.  */
| 
| #define PACKAGE_NAME "tk"
| #define PACKAGE_TARNAME "tk"
| #define PACKAGE_VERSION "8.5"
| #define PACKAGE_STRING "tk 8.5"
| #define PACKAGE_BUGREPORT ""
| #define STDC_HEADERS 1
| #define HAVE_SYS_TYPES_H 1
| #define HAVE_SYS_STAT_H 1
| #define HAVE_STDLIB_H 1
| #define HAVE_STRING_H 1
| #define HAVE_MEMORY_H 1
| #define HAVE_STRINGS_H 1
| #define HAVE_INTTYPES_H 1
| #define HAVE_STDINT_H 1
| #define HAVE_UNISTD_H 1
| #define HAVE_LIMITS_H 1
| #define STATIC_BUILD 1
| #define MODULE_SCOPE extern __attribute__((__visibility__("hidden")))
| #define MAC_OSX_TCL 1
| #define HAVE_COREFOUNDATION 1
| #define TCL_SHLIB_EXT ".dylib"
| #define TCL_CFG_OPTIMIZED 1
| #define TCL_CFG_DEBUG 1
| #define TCL_WIDE_INT_IS_LONG 1
| #define HAVE_SYS_TIME_H 1
| #define TIME_WITH_SYS_TIME 1
| #define HAVE_INTPTR_T 1
| #define HAVE_UINTPTR_T 1
| #define HAVE_PW_GECOS 1
| #define HAVE_AVAILABILITYMACROS_H 1
| #define HAVE_WEAK_IMPORT 1
| #define _DARWIN_C_SOURCE 1
| /* end confdefs.h.  */
| #include <X11/Xlib.h>
configure:10019: gcc -o conftest -pipe     -prebind -headerpad_max_install_names -Wl,-search_paths_first  conftest.c -lX11  -framework CoreFoundation >&5
conftest.c:36:10: fatal error: 'X11/Xlib.h' file not found
#include <X11/Xlib.h>
         ^~~~~~~~~~~~
1 error generated.
configure:10025: $? = 1
configure: failed program was:
| /* confdefs.h.  */
| 
| #define PACKAGE_NAME "tk"
| #define PACKAGE_TARNAME "tk"
| #define PACKAGE_VERSION "8.5"
| #define PACKAGE_STRING "tk 8.5"
| #define PACKAGE_BUGREPORT ""
| #define STDC_HEADERS 1
| #define HAVE_SYS_TYPES_H 1
| #define HAVE_SYS_STAT_H 1
| #define HAVE_STDLIB_H 1
| #define HAVE_STRING_H 1
| #define HAVE_MEMORY_H 1
| #define HAVE_STRINGS_H 1
| #define HAVE_INTTYPES_H 1
| #define HAVE_STDINT_H 1
| #define HAVE_UNISTD_H 1
| #define HAVE_LIMITS_H 1
| #define STATIC_BUILD 1
| #define MODULE_SCOPE extern __attribute__((__visibility__("hidden")))
| #define MAC_OSX_TCL 1
| #define HAVE_COREFOUNDATION 1
| #define TCL_SHLIB_EXT ".dylib"
| #define TCL_CFG_OPTIMIZED 1
| #define TCL_CFG_DEBUG 1
| #define TCL_WIDE_INT_IS_LONG 1
| #define HAVE_SYS_TIME_H 1
| #define TIME_WITH_SYS_TIME 1
| #define HAVE_INTPTR_T 1
| #define HAVE_UINTPTR_T 1
| #define HAVE_PW_GECOS 1
| #define HAVE_AVAILABILITYMACROS_H 1
| #define HAVE_WEAK_IMPORT 1
| #define _DARWIN_C_SOURCE 1
| /* end confdefs.h.  */
| #include <X11/Xlib.h>
| int
| main ()
| {
| XrmInitialize ()
|   ;
|   return 0;
| }
configure:10078: result: no
configure:10136: checking for X11 header files
configure:10147: gcc -E   conftest.c
conftest.c:36:10: fatal error: 'X11/Intrinsic.h' file not found
#include <X11/Intrinsic.h>
         ^~~~~~~~~~~~~~~~~
1 error generated.
configure:10153: $? = 1
configure: failed program was:
| /* confdefs.h.  */
| 
| #define PACKAGE_NAME "tk"
| #define PACKAGE_TARNAME "tk"
| #define PACKAGE_VERSION "8.5"
| #define PACKAGE_STRING "tk 8.5"
| #define PACKAGE_BUGREPORT ""
| #define STDC_HEADERS 1
| #define HAVE_SYS_TYPES_H 1
| #define HAVE_SYS_STAT_H 1
| #define HAVE_STDLIB_H 1
| #define HAVE_STRING_H 1
| #define HAVE_MEMORY_H 1
| #define HAVE_STRINGS_H 1
| #define HAVE_INTTYPES_H 1
| #define HAVE_STDINT_H 1
| #define HAVE_UNISTD_H 1
| #define HAVE_LIMITS_H 1
| #define STATIC_BUILD 1
| #define MODULE_SCOPE extern __attribute__((__visibility__("hidden")))
| #define MAC_OSX_TCL 1
| #define HAVE_COREFOUNDATION 1
| #define TCL_SHLIB_EXT ".dylib"
| #define TCL_CFG_OPTIMIZED 1
| #define TCL_CFG_DEBUG 1
| #define TCL_WIDE_INT_IS_LONG 1
| #define HAVE_SYS_TIME_H 1
| #define TIME_WITH_SYS_TIME 1
| #define HAVE_INTPTR_T 1
| #define HAVE_UINTPTR_T 1
| #define HAVE_PW_GECOS 1
| #define HAVE_AVAILABILITYMACROS_H 1
| #define HAVE_WEAK_IMPORT 1
| #define _DARWIN_C_SOURCE 1
| /* end confdefs.h.  */
| #include <X11/Intrinsic.h>
configure:10192: result: couldn't find any!
configure:10197: checking for X11 libraries
configure:10218: checking for XCreateWindow in -lXwindow
configure:10248: gcc -o conftest -pipe     -prebind -headerpad_max_install_names -Wl,-search_paths_first  conftest.c -lXwindow   -framework CoreFoundation >&5
ld: library not found for -lXwindow
clang: error: linker command failed with exit code 1 (use -v to see invocation)
configure:10254: $? = 1
configure: failed program was:
| /* confdefs.h.  */
| 
| #define PACKAGE_NAME "tk"
| #define PACKAGE_TARNAME "tk"
| #define PACKAGE_VERSION "8.5"
| #define PACKAGE_STRING "tk 8.5"
| #define PACKAGE_BUGREPORT ""
| #define STDC_HEADERS 1
| #define HAVE_SYS_TYPES_H 1
| #define HAVE_SYS_STAT_H 1
| #define HAVE_STDLIB_H 1
| #define HAVE_STRING_H 1
| #define HAVE_MEMORY_H 1
| #define HAVE_STRINGS_H 1
| #define HAVE_INTTYPES_H 1
| #define HAVE_STDINT_H 1
| #define HAVE_UNISTD_H 1
| #define HAVE_LIMITS_H 1
| #define STATIC_BUILD 1
| #define MODULE_SCOPE extern __attribute__((__visibility__("hidden")))
| #define MAC_OSX_TCL 1
| #define HAVE_COREFOUNDATION 1
| #define TCL_SHLIB_EXT ".dylib"
| #define TCL_CFG_OPTIMIZED 1
| #define TCL_CFG_DEBUG 1
| #define TCL_WIDE_INT_IS_LONG 1
| #define HAVE_SYS_TIME_H 1
| #define TIME_WITH_SYS_TIME 1
| #define HAVE_INTPTR_T 1
| #define HAVE_UINTPTR_T 1
| #define HAVE_PW_GECOS 1
| #define HAVE_AVAILABILITYMACROS_H 1
| #define HAVE_WEAK_IMPORT 1
| #define _DARWIN_C_SOURCE 1
| /* end confdefs.h.  */
| 
| /* Override any gcc2 internal prototype to avoid an error.  */
| #ifdef __cplusplus
| extern "C"
| #endif
| /* We use char because int might match the return type of a gcc2
|    builtin and then its argument prototype would still apply.  */
| char XCreateWindow ();
| int
| main ()
| {
| XCreateWindow ();
|   ;
|   return 0;
| }
configure:10280: result: no
configure:10288: result: could not find any!  Using -lX11.
configure:10336: checking for main in -lXbsd
configure:10360: gcc -o conftest -pipe     -prebind -headerpad_max_install_names -Wl,-search_paths_first  conftest.c -lXbsd   -framework CoreFoundation >&5
ld: library not found for -lXbsd
clang: error: linker command failed with exit code 1 (use -v to see invocation)
configure:10366: $? = 1
configure: failed program was:
| /* confdefs.h.  */
| 
| #define PACKAGE_NAME "tk"
| #define PACKAGE_TARNAME "tk"
| #define PACKAGE_VERSION "8.5"
| #define PACKAGE_STRING "tk 8.5"
| #define PACKAGE_BUGREPORT ""
| #define STDC_HEADERS 1
| #define HAVE_SYS_TYPES_H 1
| #define HAVE_SYS_STAT_H 1
| #define HAVE_STDLIB_H 1
| #define HAVE_STRING_H 1
| #define HAVE_MEMORY_H 1
| #define HAVE_STRINGS_H 1
| #define HAVE_INTTYPES_H 1
| #define HAVE_STDINT_H 1
| #define HAVE_UNISTD_H 1
| #define HAVE_LIMITS_H 1
| #define STATIC_BUILD 1
| #define MODULE_SCOPE extern __attribute__((__visibility__("hidden")))
| #define MAC_OSX_TCL 1
| #define HAVE_COREFOUNDATION 1
| #define TCL_SHLIB_EXT ".dylib"
| #define TCL_CFG_OPTIMIZED 1
| #define TCL_CFG_DEBUG 1
| #define TCL_WIDE_INT_IS_LONG 1
| #define HAVE_SYS_TIME_H 1
| #define TIME_WITH_SYS_TIME 1
| #define HAVE_INTPTR_T 1
| #define HAVE_UINTPTR_T 1
| #define HAVE_PW_GECOS 1
| #define HAVE_AVAILABILITYMACROS_H 1
| #define HAVE_WEAK_IMPORT 1
| #define _DARWIN_C_SOURCE 1
| /* end confdefs.h.  */
| 
| 
| int
| main ()
| {
| main ();
|   ;
|   return 0;
| }
configure:10392: result: no
configure:10491: checking whether to try to use XScreenSaver
configure:10501: result: no
configure:10826: checking whether to use xft
configure:10838: result: no
configure:11035: checking whether char is unsigned
configure:11058: gcc -c -pipe    conftest.c >&5
configure:11064: $? = 0
configure:11068: test -z 
			 || test ! -s conftest.err
configure:11071: $? = 0
configure:11074: test -s conftest.o
configure:11077: $? = 0
configure:11088: result: no
configure:11132: checking how to package libraries
configure:11162: result: static library
configure:11461: creating ./config.status

## ---------------------- ##
## Running config.status. ##
## ---------------------- ##

This file was extended by tk config.status 8.5, which was
generated by GNU Autoconf 2.59.  Invocation command line was

  CONFIG_FILES    = 
  CONFIG_HEADERS  = 
  CONFIG_LINKS    = 
  CONFIG_COMMANDS = 
  $ ./config.status 

on MACs-MacBook-Pro.local

config.status:735: creating Tk-Info.plist
config.status:735: creating Wish-Info.plist
config.status:735: creating Makefile
config.status:735: creating tkConfig.sh

## ---------------- ##
## Cache variables. ##
## ---------------- ##

ac_cv_c_bigendian=no
ac_cv_c_char_unsigned=no
ac_cv_c_compiler_gnu=yes
ac_cv_c_tclconfig=/Users/mac/Desktop/ns-allinone-2.35/tcl8.5.10/unix
ac_cv_env_CC_set=
ac_cv_env_CC_value=
ac_cv_env_CFLAGS_set=
ac_cv_env_CFLAGS_value=
ac_cv_env_CPPFLAGS_set=
ac_cv_env_CPPFLAGS_value=
ac_cv_env_CPP_set=
ac_cv_env_CPP_value=
ac_cv_env_LDFLAGS_set=
ac_cv_env_LDFLAGS_value=
ac_cv_env_build_alias_set=
ac_cv_env_build_alias_value=
ac_cv_env_host_alias_set=
ac_cv_env_host_alias_value=
ac_cv_env_target_alias_set=
ac_cv_env_target_alias_value=
ac_cv_exeext=
ac_cv_func_strtod=yes
ac_cv_have_x=have_x=no
ac_cv_header_AvailabilityMacros_h=yes
ac_cv_header_inttypes_h=yes
ac_cv_header_limits_h=yes
ac_cv_header_memory_h=yes
ac_cv_header_stdc=yes
ac_cv_header_stdint_h=yes
ac_cv_header_stdlib_h=yes
ac_cv_header_string_h=yes
ac_cv_header_strings_h=yes
ac_cv_header_sys_stat_h=yes
ac_cv_header_sys_time_h=yes
ac_cv_header_sys_types_h=yes
ac_cv_header_time=yes
ac_cv_header_unistd_h=yes
ac_cv_lib_Xbsd_main=no
ac_cv_lib_Xwindow_XCreateWindow=no
ac_cv_lib_dl_dlopen=yes
ac_cv_objext=o
ac_cv_path_tclsh=/Users/mac/Desktop/ns-allinone-2.35/bin/tclsh8.5
ac_cv_prog_CPP='gcc -E'
ac_cv_prog_ac_ct_AR=ar
ac_cv_prog_ac_ct_CC=gcc
ac_cv_prog_ac_ct_RANLIB=ranlib
ac_cv_prog_cc_g=yes
ac_cv_prog_cc_stdc=
ac_cv_prog_egrep='grep -E'
ac_cv_type_intptr_t=yes
ac_cv_type_mode_t=yes
ac_cv_type_pid_t=yes
ac_cv_type_size_t=yes
ac_cv_type_uid_t=yes
ac_cv_type_uintptr_t=yes
tcl_cv_cc_darwin_c_source=yes
tcl_cv_cc_pipe=yes
tcl_cv_cc_visibility_hidden=yes
tcl_cv_cc_weak_import=yes
tcl_cv_flag__isoc99_source=no
tcl_cv_flag__largefile64_source=no
tcl_cv_flag__largefile_source64=no
tcl_cv_ld_search_paths_first=yes
tcl_cv_ld_single_module=yes
tcl_cv_ld_weak_l=yes
tcl_cv_lib_corefoundation=yes
tcl_cv_pwd_pw_gecos=yes
tcl_cv_strtod_buggy=ok
tcl_cv_sys_version=Darwin-17.3.0
tcl_cv_type_64bit=none
tcl_cv_type_fd_set=yes

## ----------------- ##
## Output variables. ##
## ----------------- ##

APP_RSRC_FILE=''
AR='ar'
BUILD_TCLSH='/Users/mac/Desktop/ns-allinone-2.35/tcl8.5.10/unix/tclsh'
CC='gcc'
CC_SEARCH_FLAGS=''
CFBUNDLELOCALIZATIONS='<string>cs</string><string>da</string><string>de</string><string>el</string><string>en</string><string>en_gb</string><string>eo</string><string>es</string><string>fr</string><string>hu</string><string>it</string><string>nl</string><string>pl</string><string>pt</string><string>ru</string><string>sv</string>'
CFLAGS='-pipe   '
CFLAGS_DEBUG='-g'
CFLAGS_DEFAULT='$(CFLAGS_OPTIMIZE)'
CFLAGS_OPTIMIZE='-Os'
CFLAGS_WARNING='-Wall'
CPP='gcc -E'
CPPFLAGS=''
DEFS='-DPACKAGE_NAME=\"tk\" -DPACKAGE_TARNAME=\"tk\" -DPACKAGE_VERSION=\"8.5\" -DPACKAGE_STRING=\"tk\ 8.5\" -DPACKAGE_BUGREPORT=\"\" -DSTDC_HEADERS=1 -DHAVE_SYS_TYPES_H=1 -DHAVE_SYS_STAT_H=1 -DHAVE_STDLIB_H=1 -DHAVE_STRING_H=1 -DHAVE_MEMORY_H=1 -DHAVE_STRINGS_H=1 -DHAVE_INTTYPES_H=1 -DHAVE_STDINT_H=1 -DHAVE_UNISTD_H=1 -DHAVE_LIMITS_H=1 -DSTATIC_BUILD=1 -DMODULE_SCOPE=extern\ __attribute__\(\(__visibility__\(\"hidden\"\)\)\) -DMAC_OSX_TCL=1 -DHAVE_COREFOUNDATION=1 -DTCL_SHLIB_EXT=\".dylib\" -DTCL_CFG_OPTIMIZED=1 -DTCL_CFG_DEBUG=1 -DTCL_WIDE_INT_IS_LONG=1 -DHAVE_SYS_TIME_H=1 -DTIME_WITH_SYS_TIME=1 -DHAVE_INTPTR_T=1 -DHAVE_UINTPTR_T=1 -DHAVE_PW_GECOS=1 -DHAVE_AVAILABILITYMACROS_H=1 -DHAVE_WEAK_IMPORT=1 -D_DARWIN_C_SOURCE=1 '
DL_LIBS=''
DL_OBJS='tclLoadDyld.o'
ECHO_C='ECHO_N=''
ECHO_T=''
EGREP='grep -E'
EXEEXT=''
EXTRA_APP_CC_SWITCHES=' -mdynamic-no-pic'
EXTRA_BUILD_HTML=''
EXTRA_CC_SWITCHES=''
EXTRA_INSTALL=''
EXTRA_INSTALL_BINARIES=''
EXTRA_WISH_LIBS='-sectcreate __TEXT __info_plist Wish-Info.plist'
HTML_DIR='$(DISTDIR)/html'
INSTALL_LIB='$(INSTALL_LIBRARY) $(LIB_FILE) "$(LIB_INSTALL_DIR)"/$(LIB_FILE) ; (cd "$(LIB_INSTALL_DIR)" ; $(RANLIB) $(LIB_FILE))'
INSTALL_STUB_LIB='$(INSTALL_LIBRARY) $(STUB_LIB_FILE) "$(LIB_INSTALL_DIR)"/$(STUB_LIB_FILE) ; (cd "$(LIB_INSTALL_DIR)" ; $(RANLIB) $(STUB_LIB_FILE))'
LDAIX_SRC=''
LDFLAGS=' -prebind -headerpad_max_install_names -Wl,-search_paths_first '
LDFLAGS_DEBUG=''
LDFLAGS_DEFAULT='$(LDFLAGS_OPTIMIZE)'
LDFLAGS_OPTIMIZE=''
LD_LIBRARY_PATH_VAR='DYLD_LIBRARY_PATH'
LD_SEARCH_FLAGS=''
LIBOBJS=''
LIBS=' -framework CoreFoundation'
LIB_RSRC_FILE=''
LOCALES='cs da de el en en_gb eo es fr hu it nl pl pt ru sv'
LTLIBOBJS=''
MAKE_LIB='${STLIB_LD} $@ ${OBJS} ; ${RANLIB} $@'
MAKE_STUB_LIB='${STLIB_LD} $@ ${STUB_LIB_OBJS} ; ${RANLIB} $@'
MAN_FLAGS=''
OBJEXT='o'
PACKAGE_BUGREPORT=''
PACKAGE_NAME='tk'
PACKAGE_STRING='tk 8.5'
PACKAGE_TARNAME='tk'
PACKAGE_VERSION='8.5'
PATH_SEPARATOR=':'
PLAT_OBJS='${MAC_OSX_OBJS}'
PLAT_SRCS='${MAC_OSX_SRCS}'
PRIVATE_INCLUDE_DIR='$(includedir)'
RANLIB='ranlib'
REZ=''
REZ_FLAGS=''
SHELL='/bin/sh'
SHLIB_CFLAGS='-fno-common'
SHLIB_LD='${CC} -dynamiclib ${CFLAGS} ${LDFLAGS} -Wl,-single_module'
SHLIB_LD_LIBS='${LIBS}'
SHLIB_SUFFIX='.dylib'
STLIB_LD='${AR} cr'
TCLSH_PROG='/Users/mac/Desktop/ns-allinone-2.35/bin/tclsh8.5'
TCL_BIN_DIR='/Users/mac/Desktop/ns-allinone-2.35/tcl8.5.10/unix'
TCL_LIBS='  -framework CoreFoundation '
TCL_LIB_FILE='libtcl8.5.a'
TCL_LIB_FLAG='-ltcl8.5'
TCL_LIB_SPEC='-L/Users/mac/Desktop/ns-allinone-2.35/tcl8.5.10/unix -ltcl8.5'
TCL_PATCH_LEVEL='.10'
TCL_SHLIB_LD_EXTRAS=''
TCL_SRC_DIR='/Users/mac/Desktop/ns-allinone-2.35/tcl8.5.10'
TCL_STUB_FLAGS=''
TCL_STUB_LIB_FILE='libtclstub8.5.a'
TCL_STUB_LIB_FLAG='-ltclstub8.5'
TCL_STUB_LIB_SPEC='-L/Users/mac/Desktop/ns-allinone-2.35/tcl8.5.10/unix -ltclstub8.5'
TCL_THREADS='0'
TCL_VERSION='8.5'
TK_BUILD_LIB_SPEC='-L/Users/mac/Desktop/ns-allinone-2.35/tk8.5.10/unix -ltk8.5'
TK_BUILD_STUB_LIB_PATH='/Users/mac/Desktop/ns-allinone-2.35/tk8.5.10/unix/libtkstub8.5.a'
TK_BUILD_STUB_LIB_SPEC='-L/Users/mac/Desktop/ns-allinone-2.35/tk8.5.10/unix -ltkstub8.5'
TK_INCLUDE_SPEC='-I/Users/mac/Desktop/ns-allinone-2.35/include'
TK_LIBRARY='$(prefix)/lib/tk$(VERSION)'
TK_LIB_FILE='libtk8.5.a'
TK_LIB_FLAG='-ltk8.5'
TK_LIB_SPEC='-L/Users/mac/Desktop/ns-allinone-2.35/lib -ltk8.5'
TK_MAJOR_VERSION='8'
TK_MINOR_VERSION='5'
TK_PATCH_LEVEL='.10'
TK_PKG_DIR='tk$(VERSION)'
TK_RSRC_FILE='tk$(VERSION).rsrc'
TK_SHARED_BUILD='0'
TK_SHLIB_LD_EXTRAS='-compatibility_version 8.5 -current_version 8.5.10 -install_name "${DYLIB_INSTALL_DIR}"/${TK_LIB_FILE} -unexported_symbols_list $$(f=$(TCL_STUB_LIB_FILE).E && nm -gjp "$(TCL_BIN_DIR)"/$(TCL_STUB_LIB_FILE) | grep ^_[^_] > $$f && echo $$f) -seg1addr 0xb000000 -sectcreate __TEXT __info_plist Tk-Info.plist'
TK_SRC_DIR='/Users/mac/Desktop/ns-allinone-2.35/tk8.5.10'
TK_STUB_LIB_FILE='libtkstub8.5.a'
TK_STUB_LIB_FLAG='-ltkstub8.5'
TK_STUB_LIB_PATH='/Users/mac/Desktop/ns-allinone-2.35/lib/libtkstub8.5.a'
TK_STUB_LIB_SPEC='-L/Users/mac/Desktop/ns-allinone-2.35/lib -ltkstub8.5'
TK_VERSION='8.5'
TK_WINDOWINGSYSTEM='X11'
TK_YEAR='2018'
UNIX_FONT_OBJS='tkUnixFont.o'
WISH_RSRC_FILE='wish$(VERSION).rsrc'
XFT_CFLAGS=''
XFT_LIBS=''
XINCLUDES=''
XLIBSW='-lX11'
ac_ct_AR='ar'
ac_ct_CC='gcc'
ac_ct_RANLIB='ranlib'
bindir='${exec_prefix}/bin'
build_alias=''
datadir='${prefix}/share'
exec_prefix='/Users/mac/Desktop/ns-allinone-2.35'
host_alias=''
includedir='${prefix}/include'
infodir='${prefix}/info'
libdir='/Users/mac/Desktop/ns-allinone-2.35/lib'
libexecdir='${exec_prefix}/libexec'
localstatedir='${prefix}/var'
mandir='${prefix}/man'
oldincludedir='/usr/include'
prefix='/Users/mac/Desktop/ns-allinone-2.35'
program_transform_name='s,x,x,'
sbindir='${exec_prefix}/sbin'
sharedstatedir='${prefix}/com'
sysconfdir='${prefix}/etc'
target_alias=''

## ----------- ##
## confdefs.h. ##
## ----------- ##

#define HAVE_AVAILABILITYMACROS_H 1
#define HAVE_COREFOUNDATION 1
#define HAVE_INTPTR_T 1
#define HAVE_INTTYPES_H 1
#define HAVE_LIMITS_H 1
#define HAVE_MEMORY_H 1
#define HAVE_PW_GECOS 1
#define HAVE_STDINT_H 1
#define HAVE_STDLIB_H 1
#define HAVE_STRINGS_H 1
#define HAVE_STRING_H 1
#define HAVE_SYS_STAT_H 1
#define HAVE_SYS_TIME_H 1
#define HAVE_SYS_TYPES_H 1
#define HAVE_UINTPTR_T 1
#define HAVE_UNISTD_H 1
#define HAVE_WEAK_IMPORT 1
#define MAC_OSX_TCL 1
#define MODULE_SCOPE extern __attribute__((__visibility__("hidden")))
#define PACKAGE_BUGREPORT ""
#define PACKAGE_NAME "tk"
#define PACKAGE_STRING "tk 8.5"
#define PACKAGE_TARNAME "tk"
#define PACKAGE_VERSION "8.5"
#define STATIC_BUILD 1
#define STDC_HEADERS 1
#define TCL_CFG_DEBUG 1
#define TCL_CFG_OPTIMIZED 1
#define TCL_SHLIB_EXT ".dylib"
#define TCL_WIDE_INT_IS_LONG 1
#define TIME_WITH_SYS_TIME 1
#define _DARWIN_C_SOURCE 1

configure: exit 0
