This file contains any messages produced by compilers while
running configure, to aid debugging if configure makes a mistake.

It was created by tcl configure 8.5, which was
generated by GNU Autoconf 2.59.  Invocation command line was

  $ ./configure --enable-gcc --disable-shared --prefix=/Users/mac/Desktop/ns-allinone-2.35

## --------- ##
## Platform. ##
## --------- ##

hostname = MACs-MacBook-Pro.local
uname -m = x86_64
uname -r = 17.3.0
uname -s = Darwin
uname -v = Darwin Kernel Version 17.3.0: Thu Nov  9 18:09:22 PST 2017; root:xnu-4570.31.3~1/RELEASE_X86_64

/usr/bin/uname -p = i386
/bin/uname -X     = unknown

/bin/arch              = unknown
/usr/bin/arch -k       = unknown
/usr/convex/getsysinfo = unknown
hostinfo               = Mach kernel version:
	 Darwin Kernel Version 17.3.0: Thu Nov  9 18:09:22 PST 2017; root:xnu-4570.31.3~1/RELEASE_X86_64
Kernel configured for up to 4 processors.
2 processors are physically available.
4 processors are logically available.
Processor type: x86_64h (Intel x86-64h Haswell)
Processors active: 0 1 2 3
Primary memory available: 8.00 gigabytes
Default processor set: 362 tasks, 1219 threads, 4 processors
Load average: 3.21, Mach factor: 0.93
/bin/machine           = unknown
/usr/bin/oslevel       = unknown
/bin/universe          = unknown

PATH: /Users/mac/Desktop/ns-allinone-2.35/bin
PATH: /usr/local/bin
PATH: /usr/bin
PATH: /bin
PATH: /usr/sbin
PATH: /sbin
PATH: /Applications/VMware


## ----------- ##
## Core tests. ##
## ----------- ##

configure:1360: checking whether to use symlinks for manpages
configure:1369: result: no
configure:1372: checking whether to compress the manpages
configure:1387: result: no
configure:1401: checking whether to add a package name suffix for the manpages
configure:1414: result: no
configure:1476: checking for gcc
configure:1492: found /usr/bin/gcc
configure:1502: result: gcc
configure:1746: checking for C compiler version
configure:1749: gcc --version </dev/null >&5
Configured with: --prefix=/Applications/Xcode.app/Contents/Developer/usr --with-gxx-include-dir=/Applications/Xcode.app/Contents/Developer/Platforms/MacOSX.platform/Developer/SDKs/MacOSX10.13.sdk/usr/include/c++/4.2.1
Apple LLVM version 9.0.0 (clang-900.0.39.2)
Target: x86_64-apple-darwin17.3.0
Thread model: posix
InstalledDir: /Applications/Xcode.app/Contents/Developer/Toolchains/XcodeDefault.xctoolchain/usr/bin
configure:1752: $? = 0
configure:1754: gcc -v </dev/null >&5
Configured with: --prefix=/Applications/Xcode.app/Contents/Developer/usr --with-gxx-include-dir=/Applications/Xcode.app/Contents/Developer/Platforms/MacOSX.platform/Developer/SDKs/MacOSX10.13.sdk/usr/include/c++/4.2.1
Apple LLVM version 9.0.0 (clang-900.0.39.2)
Target: x86_64-apple-darwin17.3.0
Thread model: posix
InstalledDir: /Applications/Xcode.app/Contents/Developer/Toolchains/XcodeDefault.xctoolchain/usr/bin
configure:1757: $? = 0
configure:1759: gcc -V </dev/null >&5
clang: error: argument to '-V' is missing (expected 1 value)
clang: error: no input files
configure:1762: $? = 1
configure:1785: checking for C compiler default output file name
configure:1788: gcc    conftest.c  >&5
configure:1791: $? = 0
configure:1837: result: a.out
configure:1842: checking whether the C compiler works
configure:1848: ./a.out
configure:1851: $? = 0
configure:1868: result: yes
configure:1875: checking whether we are cross compiling
configure:1877: result: no
configure:1880: checking for suffix of executables
configure:1882: gcc -o conftest    conftest.c  >&5
configure:1885: $? = 0
configure:1910: result: 
configure:1916: checking for suffix of object files
configure:1937: gcc -c   conftest.c >&5
configure:1940: $? = 0
configure:1962: result: o
configure:1966: checking whether we are using the GNU C compiler
configure:1990: gcc -c   conftest.c >&5
configure:1996: $? = 0
configure:2000: test -z 
			 || test ! -s conftest.err
configure:2003: $? = 0
configure:2006: test -s conftest.o
configure:2009: $? = 0
configure:2022: result: yes
configure:2028: checking whether gcc accepts -g
configure:2049: gcc -c -g  conftest.c >&5
configure:2055: $? = 0
configure:2059: test -z 
			 || test ! -s conftest.err
configure:2062: $? = 0
configure:2065: test -s conftest.o
configure:2068: $? = 0
configure:2079: result: yes
configure:2096: checking for gcc option to accept ANSI C
configure:2166: gcc  -c   conftest.c >&5
configure:2172: $? = 0
configure:2176: test -z 
			 || test ! -s conftest.err
configure:2179: $? = 0
configure:2182: test -s conftest.o
configure:2185: $? = 0
configure:2203: result: none needed
configure:2221: gcc -c   conftest.c >&5
conftest.c:2:3: error: unknown type name 'choke'
  choke me
  ^
conftest.c:2:11: error: expected ';' after top level declarator
  choke me
          ^
          ;
2 errors generated.
configure:2227: $? = 1
configure: failed program was:
| #ifndef __cplusplus
|   choke me
| #endif
configure:2361: checking for inline
configure:2382: gcc -c   conftest.c >&5
configure:2388: $? = 0
configure:2392: test -z 
			 || test ! -s conftest.err
configure:2395: $? = 0
configure:2398: test -s conftest.o
configure:2401: $? = 0
configure:2413: result: inline
configure:2447: checking how to run the C preprocessor
configure:2482: gcc -E  conftest.c
configure:2488: $? = 0
configure:2520: gcc -E  conftest.c
conftest.c:9:10: fatal error: 'ac_nonexistent.h' file not found
#include <ac_nonexistent.h>
         ^~~~~~~~~~~~~~~~~~
1 error generated.
configure:2526: $? = 1
configure: failed program was:
| /* confdefs.h.  */
| 
| #define PACKAGE_NAME "tcl"
| #define PACKAGE_TARNAME "tcl"
| #define PACKAGE_VERSION "8.5"
| #define PACKAGE_STRING "tcl 8.5"
| #define PACKAGE_BUGREPORT ""
| /* end confdefs.h.  */
| #include <ac_nonexistent.h>
configure:2565: result: gcc -E
configure:2589: gcc -E  conftest.c
configure:2595: $? = 0
configure:2627: gcc -E  conftest.c
conftest.c:9:10: fatal error: 'ac_nonexistent.h' file not found
#include <ac_nonexistent.h>
         ^~~~~~~~~~~~~~~~~~
1 error generated.
configure:2633: $? = 1
configure: failed program was:
| /* confdefs.h.  */
| 
| #define PACKAGE_NAME "tcl"
| #define PACKAGE_TARNAME "tcl"
| #define PACKAGE_VERSION "8.5"
| #define PACKAGE_STRING "tcl 8.5"
| #define PACKAGE_BUGREPORT ""
| /* end confdefs.h.  */
| #include <ac_nonexistent.h>
configure:2677: checking for egrep
configure:2687: result: grep -E
configure:2692: checking for ANSI C header files
configure:2717: gcc -c   conftest.c >&5
configure:2723: $? = 0
configure:2727: test -z 
			 || test ! -s conftest.err
configure:2730: $? = 0
configure:2733: test -s conftest.o
configure:2736: $? = 0
configure:2825: gcc -o conftest    conftest.c  >&5
conftest.c:26:7: warning: implicitly declaring library function 'exit' with type 'void (int) __attribute__((noreturn))' [-Wimplicit-function-declaration]
      exit(2);
      ^
conftest.c:26:7: note: include the header <stdlib.h> or explicitly provide a declaration for 'exit'
1 warning generated.
configure:2828: $? = 0
configure:2830: ./conftest
configure:2833: $? = 0
configure:2848: result: yes
configure:2872: checking for sys/types.h
configure:2888: gcc -c   conftest.c >&5
configure:2894: $? = 0
configure:2898: test -z 
			 || test ! -s conftest.err
configure:2901: $? = 0
configure:2904: test -s conftest.o
configure:2907: $? = 0
configure:2918: result: yes
configure:2872: checking for sys/stat.h
configure:2888: gcc -c   conftest.c >&5
configure:2894: $? = 0
configure:2898: test -z 
			 || test ! -s conftest.err
configure:2901: $? = 0
configure:2904: test -s conftest.o
configure:2907: $? = 0
configure:2918: result: yes
configure:2872: checking for stdlib.h
configure:2888: gcc -c   conftest.c >&5
configure:2894: $? = 0
configure:2898: test -z 
			 || test ! -s conftest.err
configure:2901: $? = 0
configure:2904: test -s conftest.o
configure:2907: $? = 0
configure:2918: result: yes
configure:2872: checking for string.h
configure:2888: gcc -c   conftest.c >&5
configure:2894: $? = 0
configure:2898: test -z 
			 || test ! -s conftest.err
configure:2901: $? = 0
configure:2904: test -s conftest.o
configure:2907: $? = 0
configure:2918: result: yes
configure:2872: checking for memory.h
configure:2888: gcc -c   conftest.c >&5
configure:2894: $? = 0
configure:2898: test -z 
			 || test ! -s conftest.err
configure:2901: $? = 0
configure:2904: test -s conftest.o
configure:2907: $? = 0
configure:2918: result: yes
configure:2872: checking for strings.h
configure:2888: gcc -c   conftest.c >&5
configure:2894: $? = 0
configure:2898: test -z 
			 || test ! -s conftest.err
configure:2901: $? = 0
configure:2904: test -s conftest.o
configure:2907: $? = 0
configure:2918: result: yes
configure:2872: checking for inttypes.h
configure:2888: gcc -c   conftest.c >&5
configure:2894: $? = 0
configure:2898: test -z 
			 || test ! -s conftest.err
configure:2901: $? = 0
configure:2904: test -s conftest.o
configure:2907: $? = 0
configure:2918: result: yes
configure:2872: checking for stdint.h
configure:2888: gcc -c   conftest.c >&5
configure:2894: $? = 0
configure:2898: test -z 
			 || test ! -s conftest.err
configure:2901: $? = 0
configure:2904: test -s conftest.o
configure:2907: $? = 0
configure:2918: result: yes
configure:2872: checking for unistd.h
configure:2888: gcc -c   conftest.c >&5
configure:2894: $? = 0
configure:2898: test -z 
			 || test ! -s conftest.err
configure:2901: $? = 0
configure:2904: test -s conftest.o
configure:2907: $? = 0
configure:2918: result: yes
configure:2931: checking dirent.h
configure:2972: gcc -o conftest    conftest.c  >&5
configure:2978: $? = 0
configure:2982: test -z 
			 || test ! -s conftest.err
configure:2985: $? = 0
configure:2988: test -s conftest
configure:2991: $? = 0
configure:3003: result: yes
configure:3024: checking float.h usability
configure:3036: gcc -c   conftest.c >&5
configure:3042: $? = 0
configure:3046: test -z 
			 || test ! -s conftest.err
configure:3049: $? = 0
configure:3052: test -s conftest.o
configure:3055: $? = 0
configure:3065: result: yes
configure:3069: checking float.h presence
configure:3079: gcc -E  conftest.c
configure:3085: $? = 0
configure:3105: result: yes
configure:3140: checking for float.h
configure:3147: result: yes
configure:3172: checking values.h usability
configure:3184: gcc -c   conftest.c >&5
conftest.c:53:10: fatal error: 'values.h' file not found
#include <values.h>
         ^~~~~~~~~~
1 error generated.
configure:3190: $? = 1
configure: failed program was:
| /* confdefs.h.  */
| 
| #define PACKAGE_NAME "tcl"
| #define PACKAGE_TARNAME "tcl"
| #define PACKAGE_VERSION "8.5"
| #define PACKAGE_STRING "tcl 8.5"
| #define PACKAGE_BUGREPORT ""
| #define STDC_HEADERS 1
| #define HAVE_SYS_TYPES_H 1
| #define HAVE_SYS_STAT_H 1
| #define HAVE_STDLIB_H 1
| #define HAVE_STRING_H 1
| #define HAVE_MEMORY_H 1
| #define HAVE_STRINGS_H 1
| #define HAVE_INTTYPES_H 1
| #define HAVE_STDINT_H 1
| #define HAVE_UNISTD_H 1
| /* end confdefs.h.  */
| #include <stdio.h>
| #if HAVE_SYS_TYPES_H
| # include <sys/types.h>
| #endif
| #if HAVE_SYS_STAT_H
| # include <sys/stat.h>
| #endif
| #if STDC_HEADERS
| # include <stdlib.h>
| # include <stddef.h>
| #else
| # if HAVE_STDLIB_H
| #  include <stdlib.h>
| # endif
| #endif
| #if HAVE_STRING_H
| # if !STDC_HEADERS && HAVE_MEMORY_H
| #  include <memory.h>
| # endif
| # include <string.h>
| #endif
| #if HAVE_STRINGS_H
| # include <strings.h>
| #endif
| #if HAVE_INTTYPES_H
| # include <inttypes.h>
| #else
| # if HAVE_STDINT_H
| #  include <stdint.h>
| # endif
| #endif
| #if HAVE_UNISTD_H
| # include <unistd.h>
| #endif
| #include <values.h>
configure:3213: result: no
configure:3217: checking values.h presence
configure:3227: gcc -E  conftest.c
conftest.c:19:10: fatal error: 'values.h' file not found
#include <values.h>
         ^~~~~~~~~~
1 error generated.
configure:3233: $? = 1
configure: failed program was:
| /* confdefs.h.  */
| 
| #define PACKAGE_NAME "tcl"
| #define PACKAGE_TARNAME "tcl"
| #define PACKAGE_VERSION "8.5"
| #define PACKAGE_STRING "tcl 8.5"
| #define PACKAGE_BUGREPORT ""
| #define STDC_HEADERS 1
| #define HAVE_SYS_TYPES_H 1
| #define HAVE_SYS_STAT_H 1
| #define HAVE_STDLIB_H 1
| #define HAVE_STRING_H 1
| #define HAVE_MEMORY_H 1
| #define HAVE_STRINGS_H 1
| #define HAVE_INTTYPES_H 1
| #define HAVE_STDINT_H 1
| #define HAVE_UNISTD_H 1
| /* end confdefs.h.  */
| #include <values.h>
configure:3253: result: no
configure:3288: checking for values.h
configure:3295: result: no
configure:3320: checking limits.h usability
configure:3332: gcc -c   conftest.c >&5
configure:3338: $? = 0
configure:3342: test -z 
			 || test ! -s conftest.err
configure:3345: $? = 0
configure:3348: test -s conftest.o
configure:3351: $? = 0
configure:3361: result: yes
configure:3365: checking limits.h presence
configure:3375: gcc -E  conftest.c
configure:3381: $? = 0
configure:3401: result: yes
configure:3436: checking for limits.h
configure:3443: result: yes
configure:3463: checking for stdlib.h
configure:3468: result: yes
configure:3665: checking for string.h
configure:3670: result: yes
configure:3864: checking sys/wait.h usability
configure:3876: gcc -c   conftest.c >&5
configure:3882: $? = 0
configure:3886: test -z 
			 || test ! -s conftest.err
configure:3889: $? = 0
configure:3892: test -s conftest.o
configure:3895: $? = 0
configure:3905: result: yes
configure:3909: checking sys/wait.h presence
configure:3919: gcc -E  conftest.c
configure:3925: $? = 0
configure:3945: result: yes
configure:3980: checking for sys/wait.h
configure:3987: result: yes
configure:4012: checking dlfcn.h usability
configure:4024: gcc -c   conftest.c >&5
configure:4030: $? = 0
configure:4034: test -z 
			 || test ! -s conftest.err
configure:4037: $? = 0
configure:4040: test -s conftest.o
configure:4043: $? = 0
configure:4053: result: yes
configure:4057: checking dlfcn.h presence
configure:4067: gcc -E  conftest.c
configure:4073: $? = 0
configure:4093: result: yes
configure:4128: checking for dlfcn.h
configure:4135: result: yes
configure:4166: checking sys/param.h usability
configure:4178: gcc -c   conftest.c >&5
configure:4184: $? = 0
configure:4188: test -z 
			 || test ! -s conftest.err
configure:4191: $? = 0
configure:4194: test -s conftest.o
configure:4197: $? = 0
configure:4207: result: yes
configure:4211: checking sys/param.h presence
configure:4221: gcc -E  conftest.c
configure:4227: $? = 0
configure:4247: result: yes
configure:4282: checking for sys/param.h
configure:4289: result: yes
configure:4310: checking if the compiler understands -pipe
configure:4333: gcc -c  -pipe  conftest.c >&5
configure:4339: $? = 0
configure:4343: test -z 
			 || test ! -s conftest.err
configure:4346: $? = 0
configure:4349: test -s conftest.o
configure:4352: $? = 0
configure:4364: result: yes
configure:5283: checking for building with threads
configure:5299: result: no (default)
configure:5345: checking for sin
configure:5402: gcc -o conftest  -pipe   conftest.c  >&5
conftest.c:47:6: warning: incompatible redeclaration of library function 'sin' [-Wincompatible-library-redeclaration]
char sin ();
     ^
conftest.c:47:6: note: 'sin' is a builtin with type 'double (double)'
1 warning generated.
configure:5408: $? = 0
configure:5412: test -z 
			 || test ! -s conftest.err
configure:5415: $? = 0
configure:5418: test -s conftest
configure:5421: $? = 0
configure:5433: result: yes
configure:5441: checking for main in -lieee
configure:5465: gcc -o conftest  -pipe   conftest.c -lieee   >&5
ld: library not found for -lieee
clang: error: linker command failed with exit code 1 (use -v to see invocation)
configure:5471: $? = 1
configure: failed program was:
| /* confdefs.h.  */
| 
| #define PACKAGE_NAME "tcl"
| #define PACKAGE_TARNAME "tcl"
| #define PACKAGE_VERSION "8.5"
| #define PACKAGE_STRING "tcl 8.5"
| #define PACKAGE_BUGREPORT ""
| #define STDC_HEADERS 1
| #define HAVE_SYS_TYPES_H 1
| #define HAVE_SYS_STAT_H 1
| #define HAVE_STDLIB_H 1
| #define HAVE_STRING_H 1
| #define HAVE_MEMORY_H 1
| #define HAVE_STRINGS_H 1
| #define HAVE_INTTYPES_H 1
| #define HAVE_STDINT_H 1
| #define HAVE_UNISTD_H 1
| #define NO_VALUES_H 1
| #define HAVE_LIMITS_H 1
| #define HAVE_SYS_PARAM_H 1
| #define TCL_CFGVAL_ENCODING "iso8859-1"
| /* end confdefs.h.  */
| 
| 
| int
| main ()
| {
| main ();
|   ;
|   return 0;
| }
configure:5497: result: no
configure:5509: checking for main in -linet
configure:5533: gcc -o conftest  -pipe   conftest.c -linet   >&5
ld: library not found for -linet
clang: error: linker command failed with exit code 1 (use -v to see invocation)
configure:5539: $? = 1
configure: failed program was:
| /* confdefs.h.  */
| 
| #define PACKAGE_NAME "tcl"
| #define PACKAGE_TARNAME "tcl"
| #define PACKAGE_VERSION "8.5"
| #define PACKAGE_STRING "tcl 8.5"
| #define PACKAGE_BUGREPORT ""
| #define STDC_HEADERS 1
| #define HAVE_SYS_TYPES_H 1
| #define HAVE_SYS_STAT_H 1
| #define HAVE_STDLIB_H 1
| #define HAVE_STRING_H 1
| #define HAVE_MEMORY_H 1
| #define HAVE_STRINGS_H 1
| #define HAVE_INTTYPES_H 1
| #define HAVE_STDINT_H 1
| #define HAVE_UNISTD_H 1
| #define NO_VALUES_H 1
| #define HAVE_LIMITS_H 1
| #define HAVE_SYS_PARAM_H 1
| #define TCL_CFGVAL_ENCODING "iso8859-1"
| /* end confdefs.h.  */
| 
| 
| int
| main ()
| {
| main ();
|   ;
|   return 0;
| }
configure:5565: result: no
configure:5581: checking net/errno.h usability
configure:5593: gcc -c  -pipe  conftest.c >&5
conftest.c:57:10: fatal error: 'net/errno.h' file not found
#include <net/errno.h>
         ^~~~~~~~~~~~~
1 error generated.
configure:5599: $? = 1
configure: failed program was:
| /* confdefs.h.  */
| 
| #define PACKAGE_NAME "tcl"
| #define PACKAGE_TARNAME "tcl"
| #define PACKAGE_VERSION "8.5"
| #define PACKAGE_STRING "tcl 8.5"
| #define PACKAGE_BUGREPORT ""
| #define STDC_HEADERS 1
| #define HAVE_SYS_TYPES_H 1
| #define HAVE_SYS_STAT_H 1
| #define HAVE_STDLIB_H 1
| #define HAVE_STRING_H 1
| #define HAVE_MEMORY_H 1
| #define HAVE_STRINGS_H 1
| #define HAVE_INTTYPES_H 1
| #define HAVE_STDINT_H 1
| #define HAVE_UNISTD_H 1
| #define NO_VALUES_H 1
| #define HAVE_LIMITS_H 1
| #define HAVE_SYS_PARAM_H 1
| #define TCL_CFGVAL_ENCODING "iso8859-1"
| /* end confdefs.h.  */
| #include <stdio.h>
| #if HAVE_SYS_TYPES_H
| # include <sys/types.h>
| #endif
| #if HAVE_SYS_STAT_H
| # include <sys/stat.h>
| #endif
| #if STDC_HEADERS
| # include <stdlib.h>
| # include <stddef.h>
| #else
| # if HAVE_STDLIB_H
| #  include <stdlib.h>
| # endif
| #endif
| #if HAVE_STRING_H
| # if !STDC_HEADERS && HAVE_MEMORY_H
| #  include <memory.h>
| # endif
| # include <string.h>
| #endif
| #if HAVE_STRINGS_H
| # include <strings.h>
| #endif
| #if HAVE_INTTYPES_H
| # include <inttypes.h>
| #else
| # if HAVE_STDINT_H
| #  include <stdint.h>
| # endif
| #endif
| #if HAVE_UNISTD_H
| # include <unistd.h>
| #endif
| #include <net/errno.h>
configure:5622: result: no
configure:5626: checking net/errno.h presence
configure:5636: gcc -E  conftest.c
conftest.c:23:10: fatal error: 'net/errno.h' file not found
#include <net/errno.h>
         ^~~~~~~~~~~~~
1 error generated.
configure:5642: $? = 1
configure: failed program was:
| /* confdefs.h.  */
| 
| #define PACKAGE_NAME "tcl"
| #define PACKAGE_TARNAME "tcl"
| #define PACKAGE_VERSION "8.5"
| #define PACKAGE_STRING "tcl 8.5"
| #define PACKAGE_BUGREPORT ""
| #define STDC_HEADERS 1
| #define HAVE_SYS_TYPES_H 1
| #define HAVE_SYS_STAT_H 1
| #define HAVE_STDLIB_H 1
| #define HAVE_STRING_H 1
| #define HAVE_MEMORY_H 1
| #define HAVE_STRINGS_H 1
| #define HAVE_INTTYPES_H 1
| #define HAVE_STDINT_H 1
| #define HAVE_UNISTD_H 1
| #define NO_VALUES_H 1
| #define HAVE_LIMITS_H 1
| #define HAVE_SYS_PARAM_H 1
| #define TCL_CFGVAL_ENCODING "iso8859-1"
| /* end confdefs.h.  */
| #include <net/errno.h>
configure:5662: result: no
configure:5697: checking for net/errno.h
configure:5704: result: no
configure:5738: checking for connect
configure:5795: gcc -o conftest  -pipe   conftest.c  >&5
configure:5801: $? = 0
configure:5805: test -z 
			 || test ! -s conftest.err
configure:5808: $? = 0
configure:5811: test -s conftest
configure:5814: $? = 0
configure:5826: result: yes
configure:6101: checking for gethostbyname
configure:6158: gcc -o conftest  -pipe   conftest.c  >&5
configure:6164: $? = 0
configure:6168: test -z 
			 || test ! -s conftest.err
configure:6171: $? = 0
configure:6174: test -s conftest
configure:6177: $? = 0
configure:6189: result: yes
configure:6270: checking how to build libraries
configure:6292: result: static
configure:6350: checking for ranlib
configure:6366: found /usr/bin/ranlib
configure:6377: result: ranlib
configure:6393: checking if 64bit support is requested
configure:6402: result: no
configure:6407: checking if 64bit Sparc VIS support is requested
configure:6416: result: no
configure:6427: checking if compiler supports visibility "hidden"
configure:6452: gcc -o conftest  -pipe -Werror   conftest.c  >&5
configure:6458: $? = 0
configure:6462: test -z 
			 || test ! -s conftest.err
configure:6465: $? = 0
configure:6468: test -s conftest
configure:6471: $? = 0
configure:6484: result: yes
configure:6499: checking if rpath support is requested
configure:6508: result: yes
configure:6515: checking system version
configure:6543: result: Darwin-17.3.0
configure:6551: checking for dlopen in -ldl
configure:6581: gcc -o conftest  -pipe   conftest.c -ldl   >&5
configure:6587: $? = 0
configure:6591: test -z 
			 || test ! -s conftest.err
configure:6594: $? = 0
configure:6597: test -s conftest
configure:6600: $? = 0
configure:6613: result: yes
configure:6695: checking for ar
configure:6711: found /usr/bin/ar
configure:6721: result: ar
configure:7870: checking if ld accepts -single_module flag
configure:7894: gcc -o conftest -pipe     -dynamiclib -Wl,-single_module conftest.c  >&5
configure:7900: $? = 0
configure:7904: test -z 
			 || test ! -s conftest.err
configure:7907: $? = 0
configure:7910: test -s conftest
configure:7913: $? = 0
configure:7926: result: yes
configure:7945: checking if ld accepts -search_paths_first flag
configure:7969: gcc -o conftest -pipe     -prebind -headerpad_max_install_names -Wl,-search_paths_first conftest.c  >&5
configure:7975: $? = 0
configure:7979: test -z 
			 || test ! -s conftest.err
configure:7982: $? = 0
configure:7985: test -s conftest
configure:7988: $? = 0
configure:8001: result: yes
configure:8029: checking whether to use CoreFoundation
configure:8038: result: yes
configure:8042: checking for CoreFoundation.framework
configure:8077: gcc -o conftest -pipe     -prebind -headerpad_max_install_names -Wl,-search_paths_first conftest.c  -framework CoreFoundation >&5
configure:8083: $? = 0
configure:8087: test -z 
			 || test ! -s conftest.err
configure:8090: $? = 0
configure:8093: test -s conftest
configure:8096: $? = 0
configure:8116: result: yes
configure:8990: checking for build with symbols
configure:9004: result: no
configure:9076: checking for required early compiler flags
configure:9099: gcc -c -pipe    conftest.c >&5
configure:9105: $? = 0
configure:9109: test -z 
			 || test ! -s conftest.err
configure:9112: $? = 0
configure:9115: test -s conftest.o
configure:9118: $? = 0
configure:9204: gcc -c -pipe    conftest.c >&5
conftest.c:36:28: warning: 'stat64' is deprecated: first deprecated in macOS 10.6 [-Wdeprecated-declarations]
struct stat64 buf; int i = stat64("/", &buf);
                           ^
/Applications/Xcode.app/Contents/Developer/Platforms/MacOSX.platform/Developer/SDKs/MacOSX10.13.sdk/usr/include/sys/stat.h:402:5: note: 'stat64' has been explicitly marked deprecated here
int     stat64(const char *, struct stat64 *) __OSX_AVAILABLE_BUT_DEPRECATED(__MAC_10_5,__MAC_10_6,__IPHONE_NA,__IPHONE_NA);
        ^
1 warning generated.
configure:9210: $? = 0
configure:9214: test -z 
			 || test ! -s conftest.err
configure:9217: $? = 0
configure:9220: test -s conftest.o
configure:9223: $? = 0
configure:9309: gcc -c -pipe    conftest.c >&5
conftest.c:36:19: error: use of undeclared identifier 'open64'
char *p = (char *)open64;
                  ^
1 error generated.
configure:9315: $? = 1
configure: failed program was:
| /* confdefs.h.  */
| 
| #define PACKAGE_NAME "tcl"
| #define PACKAGE_TARNAME "tcl"
| #define PACKAGE_VERSION "8.5"
| #define PACKAGE_STRING "tcl 8.5"
| #define PACKAGE_BUGREPORT ""
| #define STDC_HEADERS 1
| #define HAVE_SYS_TYPES_H 1
| #define HAVE_SYS_STAT_H 1
| #define HAVE_STDLIB_H 1
| #define HAVE_STRING_H 1
| #define HAVE_MEMORY_H 1
| #define HAVE_STRINGS_H 1
| #define HAVE_INTTYPES_H 1
| #define HAVE_STDINT_H 1
| #define HAVE_UNISTD_H 1
| #define NO_VALUES_H 1
| #define HAVE_LIMITS_H 1
| #define HAVE_SYS_PARAM_H 1
| #define TCL_CFGVAL_ENCODING "iso8859-1"
| #define STATIC_BUILD 1
| #define MODULE_SCOPE extern __attribute__((__visibility__("hidden")))
| #define MAC_OSX_TCL 1
| #define HAVE_COREFOUNDATION 1
| #define TCL_SHLIB_EXT ".dylib"
| #define TCL_CFG_OPTIMIZED 1
| #define TCL_CFG_DEBUG 1
| #define TCL_TOMMATH 1
| #define MP_PREC 4
| /* end confdefs.h.  */
| #include <sys/stat.h>
| int
| main ()
| {
| char *p = (char *)open64;
|   ;
|   return 0;
| }
configure:9352: gcc -c -pipe    conftest.c >&5
conftest.c:37:19: error: use of undeclared identifier 'open64'
char *p = (char *)open64;
                  ^
1 error generated.
configure:9358: $? = 1
configure: failed program was:
| /* confdefs.h.  */
| 
| #define PACKAGE_NAME "tcl"
| #define PACKAGE_TARNAME "tcl"
| #define PACKAGE_VERSION "8.5"
| #define PACKAGE_STRING "tcl 8.5"
| #define PACKAGE_BUGREPORT ""
| #define STDC_HEADERS 1
| #define HAVE_SYS_TYPES_H 1
| #define HAVE_SYS_STAT_H 1
| #define HAVE_STDLIB_H 1
| #define HAVE_STRING_H 1
| #define HAVE_MEMORY_H 1
| #define HAVE_STRINGS_H 1
| #define HAVE_INTTYPES_H 1
| #define HAVE_STDINT_H 1
| #define HAVE_UNISTD_H 1
| #define NO_VALUES_H 1
| #define HAVE_LIMITS_H 1
| #define HAVE_SYS_PARAM_H 1
| #define TCL_CFGVAL_ENCODING "iso8859-1"
| #define STATIC_BUILD 1
| #define MODULE_SCOPE extern __attribute__((__visibility__("hidden")))
| #define MAC_OSX_TCL 1
| #define HAVE_COREFOUNDATION 1
| #define TCL_SHLIB_EXT ".dylib"
| #define TCL_CFG_OPTIMIZED 1
| #define TCL_CFG_DEBUG 1
| #define TCL_TOMMATH 1
| #define MP_PREC 4
| /* end confdefs.h.  */
| #define _LARGEFILE_SOURCE64 1
| #include <sys/stat.h>
| int
| main ()
| {
| char *p = (char *)open64;
|   ;
|   return 0;
| }
configure:9395: result: none
configure:9404: checking for 64-bit integer type
configure:9428: gcc -c -pipe    conftest.c >&5
conftest.c:36:1: error: use of undeclared identifier '__int64'
__int64 value = (__int64) 0;
^
1 error generated.
configure:9434: $? = 1
configure: failed program was:
| /* confdefs.h.  */
| 
| #define PACKAGE_NAME "tcl"
| #define PACKAGE_TARNAME "tcl"
| #define PACKAGE_VERSION "8.5"
| #define PACKAGE_STRING "tcl 8.5"
| #define PACKAGE_BUGREPORT ""
| #define STDC_HEADERS 1
| #define HAVE_SYS_TYPES_H 1
| #define HAVE_SYS_STAT_H 1
| #define HAVE_STDLIB_H 1
| #define HAVE_STRING_H 1
| #define HAVE_MEMORY_H 1
| #define HAVE_STRINGS_H 1
| #define HAVE_INTTYPES_H 1
| #define HAVE_STDINT_H 1
| #define HAVE_UNISTD_H 1
| #define NO_VALUES_H 1
| #define HAVE_LIMITS_H 1
| #define HAVE_SYS_PARAM_H 1
| #define TCL_CFGVAL_ENCODING "iso8859-1"
| #define STATIC_BUILD 1
| #define MODULE_SCOPE extern __attribute__((__visibility__("hidden")))
| #define MAC_OSX_TCL 1
| #define HAVE_COREFOUNDATION 1
| #define TCL_SHLIB_EXT ".dylib"
| #define TCL_CFG_OPTIMIZED 1
| #define TCL_CFG_DEBUG 1
| #define TCL_TOMMATH 1
| #define MP_PREC 4
| /* end confdefs.h.  */
| 
| int
| main ()
| {
| __int64 value = (__int64) 0;
|   ;
|   return 0;
| }
configure:9478: gcc -c -pipe    conftest.c >&5
conftest.c:37:26: error: duplicate case value '1'
            case 1: case (sizeof(long long)==sizeof(long)): ;
                         ^
conftest.c:37:18: note: previous case defined here
            case 1: case (sizeof(long long)==sizeof(long)): ;
                 ^
1 error generated.
configure:9484: $? = 1
configure: failed program was:
| /* confdefs.h.  */
| 
| #define PACKAGE_NAME "tcl"
| #define PACKAGE_TARNAME "tcl"
| #define PACKAGE_VERSION "8.5"
| #define PACKAGE_STRING "tcl 8.5"
| #define PACKAGE_BUGREPORT ""
| #define STDC_HEADERS 1
| #define HAVE_SYS_TYPES_H 1
| #define HAVE_SYS_STAT_H 1
| #define HAVE_STDLIB_H 1
| #define HAVE_STRING_H 1
| #define HAVE_MEMORY_H 1
| #define HAVE_STRINGS_H 1
| #define HAVE_INTTYPES_H 1
| #define HAVE_STDINT_H 1
| #define HAVE_UNISTD_H 1
| #define NO_VALUES_H 1
| #define HAVE_LIMITS_H 1
| #define HAVE_SYS_PARAM_H 1
| #define TCL_CFGVAL_ENCODING "iso8859-1"
| #define STATIC_BUILD 1
| #define MODULE_SCOPE extern __attribute__((__visibility__("hidden")))
| #define MAC_OSX_TCL 1
| #define HAVE_COREFOUNDATION 1
| #define TCL_SHLIB_EXT ".dylib"
| #define TCL_CFG_OPTIMIZED 1
| #define TCL_CFG_DEBUG 1
| #define TCL_TOMMATH 1
| #define MP_PREC 4
| /* end confdefs.h.  */
| 
| int
| main ()
| {
| switch (0) {
|             case 1: case (sizeof(long long)==sizeof(long)): ;
|         }
|   ;
|   return 0;
| }
configure:9514: result: using long
configure:9831: checking whether byte ordering is bigendian
configure:9858: gcc -c -pipe    conftest.c >&5
configure:9864: $? = 0
configure:9868: test -z 
			 || test ! -s conftest.err
configure:9871: $? = 0
configure:9874: test -s conftest.o
configure:9877: $? = 0
configure:9901: gcc -c -pipe    conftest.c >&5
conftest.c:40:2: error: use of undeclared identifier 'not'
 not big endian
 ^
1 error generated.
configure:9907: $? = 1
configure: failed program was:
| /* confdefs.h.  */
| 
| #define PACKAGE_NAME "tcl"
| #define PACKAGE_TARNAME "tcl"
| #define PACKAGE_VERSION "8.5"
| #define PACKAGE_STRING "tcl 8.5"
| #define PACKAGE_BUGREPORT ""
| #define STDC_HEADERS 1
| #define HAVE_SYS_TYPES_H 1
| #define HAVE_SYS_STAT_H 1
| #define HAVE_STDLIB_H 1
| #define HAVE_STRING_H 1
| #define HAVE_MEMORY_H 1
| #define HAVE_STRINGS_H 1
| #define HAVE_INTTYPES_H 1
| #define HAVE_STDINT_H 1
| #define HAVE_UNISTD_H 1
| #define NO_VALUES_H 1
| #define HAVE_LIMITS_H 1
| #define HAVE_SYS_PARAM_H 1
| #define TCL_CFGVAL_ENCODING "iso8859-1"
| #define STATIC_BUILD 1
| #define MODULE_SCOPE extern __attribute__((__visibility__("hidden")))
| #define MAC_OSX_TCL 1
| #define HAVE_COREFOUNDATION 1
| #define TCL_SHLIB_EXT ".dylib"
| #define TCL_CFG_OPTIMIZED 1
| #define TCL_CFG_DEBUG 1
| #define TCL_TOMMATH 1
| #define MP_PREC 4
| #define TCL_WIDE_INT_IS_LONG 1
| /* end confdefs.h.  */
| #include <sys/types.h>
| #include <sys/param.h>
| 
| int
| main ()
| {
| #if BYTE_ORDER != BIG_ENDIAN
|  not big endian
| #endif
| 
|   ;
|   return 0;
| }
configure:10042: result: no
configure:10072: checking for getcwd
configure:10129: gcc -o conftest -pipe     -prebind -headerpad_max_install_names -Wl,-search_paths_first  conftest.c  -framework CoreFoundation >&5
configure:10135: $? = 0
configure:10139: test -z 
			 || test ! -s conftest.err
configure:10142: $? = 0
configure:10145: test -s conftest
configure:10148: $? = 0
configure:10160: result: yes
configure:10185: checking for opendir
configure:10242: gcc -o conftest -pipe     -prebind -headerpad_max_install_names -Wl,-search_paths_first  conftest.c  -framework CoreFoundation >&5
configure:10248: $? = 0
configure:10252: test -z 
			 || test ! -s conftest.err
configure:10255: $? = 0
configure:10258: test -s conftest
configure:10261: $? = 0
configure:10273: result: yes
configure:10185: checking for strtol
configure:10242: gcc -o conftest -pipe     -prebind -headerpad_max_install_names -Wl,-search_paths_first  conftest.c  -framework CoreFoundation >&5
configure:10248: $? = 0
configure:10252: test -z 
			 || test ! -s conftest.err
configure:10255: $? = 0
configure:10258: test -s conftest
configure:10261: $? = 0
configure:10273: result: yes
configure:10185: checking for waitpid
configure:10242: gcc -o conftest -pipe     -prebind -headerpad_max_install_names -Wl,-search_paths_first  conftest.c  -framework CoreFoundation >&5
configure:10248: $? = 0
configure:10252: test -z 
			 || test ! -s conftest.err
configure:10255: $? = 0
configure:10258: test -s conftest
configure:10261: $? = 0
configure:10273: result: yes
configure:10293: checking for strerror
configure:10350: gcc -o conftest -pipe     -prebind -headerpad_max_install_names -Wl,-search_paths_first  conftest.c  -framework CoreFoundation >&5
conftest.c:61:6: warning: incompatible redeclaration of library function 'strerror' [-Wincompatible-library-redeclaration]
char strerror ();
     ^
conftest.c:61:6: note: 'strerror' is a builtin with type 'char *(int)'
1 warning generated.
configure:10356: $? = 0
configure:10360: test -z 
			 || test ! -s conftest.err
configure:10363: $? = 0
configure:10366: test -s conftest
configure:10369: $? = 0
configure:10381: result: yes
configure:10393: checking for getwd
configure:10450: gcc -o conftest -pipe     -prebind -headerpad_max_install_names -Wl,-search_paths_first  conftest.c  -framework CoreFoundation >&5
configure:10456: $? = 0
configure:10460: test -z 
			 || test ! -s conftest.err
configure:10463: $? = 0
configure:10466: test -s conftest
configure:10469: $? = 0
configure:10481: result: yes
configure:10493: checking for wait3
configure:10550: gcc -o conftest -pipe     -prebind -headerpad_max_install_names -Wl,-search_paths_first  conftest.c  -framework CoreFoundation >&5
configure:10556: $? = 0
configure:10560: test -z 
			 || test ! -s conftest.err
configure:10563: $? = 0
configure:10566: test -s conftest
configure:10569: $? = 0
configure:10581: result: yes
configure:10593: checking for uname
configure:10650: gcc -o conftest -pipe     -prebind -headerpad_max_install_names -Wl,-search_paths_first  conftest.c  -framework CoreFoundation >&5
configure:10656: $? = 0
configure:10660: test -z 
			 || test ! -s conftest.err
configure:10663: $? = 0
configure:10666: test -s conftest
configure:10669: $? = 0
configure:10681: result: yes
configure:10700: checking for realpath
configure:10757: gcc -o conftest -pipe     -prebind -headerpad_max_install_names -Wl,-search_paths_first  conftest.c  -framework CoreFoundation >&5
configure:10763: $? = 0
configure:10767: test -z 
			 || test ! -s conftest.err
configure:10770: $? = 0
configure:10773: test -s conftest
configure:10776: $? = 0
configure:10788: result: yes
configure:10801: checking for getaddrinfo
configure:10858: gcc -o conftest -pipe     -prebind -headerpad_max_install_names -Wl,-search_paths_first  conftest.c  -framework CoreFoundation >&5
configure:10864: $? = 0
configure:10868: test -z 
			 || test ! -s conftest.err
configure:10871: $? = 0
configure:10874: test -s conftest
configure:10877: $? = 0
configure:10889: result: yes
configure:10893: checking for working getaddrinfo
configure:10922: gcc -c -pipe    conftest.c >&5
configure:10928: $? = 0
configure:10932: test -z 
			 || test ! -s conftest.err
configure:10935: $? = 0
configure:10938: test -s conftest.o
configure:10941: $? = 0
configure:10952: result: yes
configure:12587: checking sys/modem.h usability
configure:12599: gcc -c -pipe    conftest.c >&5
conftest.c:72:10: fatal error: 'sys/modem.h' file not found
#include <sys/modem.h>
         ^~~~~~~~~~~~~
1 error generated.
configure:12605: $? = 1
configure: failed program was:
| /* confdefs.h.  */
| 
| #define PACKAGE_NAME "tcl"
| #define PACKAGE_TARNAME "tcl"
| #define PACKAGE_VERSION "8.5"
| #define PACKAGE_STRING "tcl 8.5"
| #define PACKAGE_BUGREPORT ""
| #define STDC_HEADERS 1
| #define HAVE_SYS_TYPES_H 1
| #define HAVE_SYS_STAT_H 1
| #define HAVE_STDLIB_H 1
| #define HAVE_STRING_H 1
| #define HAVE_MEMORY_H 1
| #define HAVE_STRINGS_H 1
| #define HAVE_INTTYPES_H 1
| #define HAVE_STDINT_H 1
| #define HAVE_UNISTD_H 1
| #define NO_VALUES_H 1
| #define HAVE_LIMITS_H 1
| #define HAVE_SYS_PARAM_H 1
| #define TCL_CFGVAL_ENCODING "iso8859-1"
| #define STATIC_BUILD 1
| #define MODULE_SCOPE extern __attribute__((__visibility__("hidden")))
| #define MAC_OSX_TCL 1
| #define HAVE_COREFOUNDATION 1
| #define TCL_SHLIB_EXT ".dylib"
| #define TCL_CFG_OPTIMIZED 1
| #define TCL_CFG_DEBUG 1
| #define TCL_TOMMATH 1
| #define MP_PREC 4
| #define TCL_WIDE_INT_IS_LONG 1
| #define HAVE_GETCWD 1
| #define HAVE_OPENDIR 1
| #define HAVE_STRTOL 1
| #define HAVE_WAITPID 1
| #define HAVE_GETADDRINFO 1
| /* end confdefs.h.  */
| #include <stdio.h>
| #if HAVE_SYS_TYPES_H
| # include <sys/types.h>
| #endif
| #if HAVE_SYS_STAT_H
| # include <sys/stat.h>
| #endif
| #if STDC_HEADERS
| # include <stdlib.h>
| # include <stddef.h>
| #else
| # if HAVE_STDLIB_H
| #  include <stdlib.h>
| # endif
| #endif
| #if HAVE_STRING_H
| # if !STDC_HEADERS && HAVE_MEMORY_H
| #  include <memory.h>
| # endif
| # include <string.h>
| #endif
| #if HAVE_STRINGS_H
| # include <strings.h>
| #endif
| #if HAVE_INTTYPES_H
| # include <inttypes.h>
| #else
| # if HAVE_STDINT_H
| #  include <stdint.h>
| # endif
| #endif
| #if HAVE_UNISTD_H
| # include <unistd.h>
| #endif
| #include <sys/modem.h>
configure:12628: result: no
configure:12632: checking sys/modem.h presence
configure:12642: gcc -E   conftest.c
conftest.c:38:10: fatal error: 'sys/modem.h' file not found
#include <sys/modem.h>
         ^~~~~~~~~~~~~
1 error generated.
configure:12648: $? = 1
configure: failed program was:
| /* confdefs.h.  */
| 
| #define PACKAGE_NAME "tcl"
| #define PACKAGE_TARNAME "tcl"
| #define PACKAGE_VERSION "8.5"
| #define PACKAGE_STRING "tcl 8.5"
| #define PACKAGE_BUGREPORT ""
| #define STDC_HEADERS 1
| #define HAVE_SYS_TYPES_H 1
| #define HAVE_SYS_STAT_H 1
| #define HAVE_STDLIB_H 1
| #define HAVE_STRING_H 1
| #define HAVE_MEMORY_H 1
| #define HAVE_STRINGS_H 1
| #define HAVE_INTTYPES_H 1
| #define HAVE_STDINT_H 1
| #define HAVE_UNISTD_H 1
| #define NO_VALUES_H 1
| #define HAVE_LIMITS_H 1
| #define HAVE_SYS_PARAM_H 1
| #define TCL_CFGVAL_ENCODING "iso8859-1"
| #define STATIC_BUILD 1
| #define MODULE_SCOPE extern __attribute__((__visibility__("hidden")))
| #define MAC_OSX_TCL 1
| #define HAVE_COREFOUNDATION 1
| #define TCL_SHLIB_EXT ".dylib"
| #define TCL_CFG_OPTIMIZED 1
| #define TCL_CFG_DEBUG 1
| #define TCL_TOMMATH 1
| #define MP_PREC 4
| #define TCL_WIDE_INT_IS_LONG 1
| #define HAVE_GETCWD 1
| #define HAVE_OPENDIR 1
| #define HAVE_STRTOL 1
| #define HAVE_WAITPID 1
| #define HAVE_GETADDRINFO 1
| /* end confdefs.h.  */
| #include <sys/modem.h>
configure:12668: result: no
configure:12703: checking for sys/modem.h
configure:12710: result: no
configure:12723: checking termios vs. termio vs. sgtty
configure:12752: gcc -o conftest -pipe     -prebind -headerpad_max_install_names -Wl,-search_paths_first  conftest.c  -framework CoreFoundation >&5
configure:12755: $? = 0
configure:12757: ./conftest
configure:12760: $? = 0
configure:13008: result: termios
configure:13039: checking for fd_set in sys/types
configure:13061: gcc -c -pipe    conftest.c >&5
configure:13067: $? = 0
configure:13071: test -z 
			 || test ! -s conftest.err
configure:13074: $? = 0
configure:13077: test -s conftest.o
configure:13080: $? = 0
configure:13091: result: yes
configure:13157: checking sys/time.h usability
configure:13169: gcc -c -pipe    conftest.c >&5
configure:13175: $? = 0
configure:13179: test -z 
			 || test ! -s conftest.err
configure:13182: $? = 0
configure:13185: test -s conftest.o
configure:13188: $? = 0
configure:13198: result: yes
configure:13202: checking sys/time.h presence
configure:13212: gcc -E   conftest.c
configure:13218: $? = 0
configure:13238: result: yes
configure:13273: checking for sys/time.h
configure:13280: result: yes
configure:13293: checking whether time.h and sys/time.h may both be included
configure:13318: gcc -c -pipe    conftest.c >&5
configure:13324: $? = 0
configure:13328: test -z 
			 || test ! -s conftest.err
configure:13331: $? = 0
configure:13334: test -s conftest.o
configure:13337: $? = 0
configure:13348: result: yes
configure:13365: checking for gmtime_r
configure:13422: gcc -o conftest -pipe     -prebind -headerpad_max_install_names -Wl,-search_paths_first  conftest.c  -framework CoreFoundation >&5
configure:13428: $? = 0
configure:13432: test -z 
			 || test ! -s conftest.err
configure:13435: $? = 0
configure:13438: test -s conftest
configure:13441: $? = 0
configure:13453: result: yes
configure:13365: checking for localtime_r
configure:13422: gcc -o conftest -pipe     -prebind -headerpad_max_install_names -Wl,-search_paths_first  conftest.c  -framework CoreFoundation >&5
configure:13428: $? = 0
configure:13432: test -z 
			 || test ! -s conftest.err
configure:13435: $? = 0
configure:13438: test -s conftest
configure:13441: $? = 0
configure:13453: result: yes
configure:13365: checking for mktime
configure:13422: gcc -o conftest -pipe     -prebind -headerpad_max_install_names -Wl,-search_paths_first  conftest.c  -framework CoreFoundation >&5
configure:13428: $? = 0
configure:13432: test -z 
			 || test ! -s conftest.err
configure:13435: $? = 0
configure:13438: test -s conftest
configure:13441: $? = 0
configure:13453: result: yes
configure:13464: checking tm_tzadj in struct tm
configure:13486: gcc -c -pipe    conftest.c >&5
conftest.c:48:18: error: no member named 'tm_tzadj' in 'struct tm'
struct tm tm; tm.tm_tzadj;
              ~~ ^
1 error generated.
configure:13492: $? = 1
configure: failed program was:
| /* confdefs.h.  */
| 
| #define PACKAGE_NAME "tcl"
| #define PACKAGE_TARNAME "tcl"
| #define PACKAGE_VERSION "8.5"
| #define PACKAGE_STRING "tcl 8.5"
| #define PACKAGE_BUGREPORT ""
| #define STDC_HEADERS 1
| #define HAVE_SYS_TYPES_H 1
| #define HAVE_SYS_STAT_H 1
| #define HAVE_STDLIB_H 1
| #define HAVE_STRING_H 1
| #define HAVE_MEMORY_H 1
| #define HAVE_STRINGS_H 1
| #define HAVE_INTTYPES_H 1
| #define HAVE_STDINT_H 1
| #define HAVE_UNISTD_H 1
| #define NO_VALUES_H 1
| #define HAVE_LIMITS_H 1
| #define HAVE_SYS_PARAM_H 1
| #define TCL_CFGVAL_ENCODING "iso8859-1"
| #define STATIC_BUILD 1
| #define MODULE_SCOPE extern __attribute__((__visibility__("hidden")))
| #define MAC_OSX_TCL 1
| #define HAVE_COREFOUNDATION 1
| #define TCL_SHLIB_EXT ".dylib"
| #define TCL_CFG_OPTIMIZED 1
| #define TCL_CFG_DEBUG 1
| #define TCL_TOMMATH 1
| #define MP_PREC 4
| #define TCL_WIDE_INT_IS_LONG 1
| #define HAVE_GETCWD 1
| #define HAVE_OPENDIR 1
| #define HAVE_STRTOL 1
| #define HAVE_WAITPID 1
| #define HAVE_GETADDRINFO 1
| #define USE_TERMIOS 1
| #define HAVE_SYS_TIME_H 1
| #define TIME_WITH_SYS_TIME 1
| #define HAVE_GMTIME_R 1
| #define HAVE_LOCALTIME_R 1
| #define HAVE_MKTIME 1
| /* end confdefs.h.  */
| #include <time.h>
| int
| main ()
| {
| struct tm tm; tm.tm_tzadj;
|   ;
|   return 0;
| }
configure:13516: result: no
configure:13526: checking tm_gmtoff in struct tm
configure:13548: gcc -c -pipe    conftest.c >&5
conftest.c:48:18: warning: expression result unused [-Wunused-value]
struct tm tm; tm.tm_gmtoff;
              ~~ ^~~~~~~~~
1 warning generated.
configure:13554: $? = 0
configure:13558: test -z 
			 || test ! -s conftest.err
configure:13561: $? = 0
configure:13564: test -s conftest.o
configure:13567: $? = 0
configure:13578: result: yes
configure:13592: checking long timezone variable
configure:13616: gcc -c -pipe    conftest.c >&5
conftest.c:51:6: warning: implicitly declaring library function 'exit' with type 'void (int) __attribute__((noreturn))' [-Wimplicit-function-declaration]
            exit (0);
            ^
conftest.c:51:6: note: include the header <stdlib.h> or explicitly provide a declaration for 'exit'
1 warning generated.
configure:13622: $? = 0
configure:13626: test -z 
			 || test ! -s conftest.err
configure:13629: $? = 0
configure:13632: test -s conftest.o
configure:13635: $? = 0
configure:13646: result: yes
configure:13730: checking for struct stat.st_blocks
configure:13753: gcc -c -pipe    conftest.c >&5
configure:13759: $? = 0
configure:13763: test -z 
			 || test ! -s conftest.err
configure:13766: $? = 0
configure:13769: test -s conftest.o
configure:13772: $? = 0
configure:13829: result: yes
configure:13839: checking for struct stat.st_blksize
configure:13862: gcc -c -pipe    conftest.c >&5
configure:13868: $? = 0
configure:13872: test -z 
			 || test ! -s conftest.err
configure:13875: $? = 0
configure:13878: test -s conftest.o
configure:13881: $? = 0
configure:13938: result: yes
configure:13949: checking for blkcnt_t
configure:13973: gcc -c -pipe    conftest.c >&5
configure:13979: $? = 0
configure:13983: test -z 
			 || test ! -s conftest.err
configure:13986: $? = 0
configure:13989: test -s conftest.o
configure:13992: $? = 0
configure:14003: result: yes
configure:14014: checking for fstatfs
configure:14071: gcc -o conftest -pipe     -prebind -headerpad_max_install_names -Wl,-search_paths_first  conftest.c  -framework CoreFoundation >&5
configure:14077: $? = 0
configure:14081: test -z 
			 || test ! -s conftest.err
configure:14084: $? = 0
configure:14087: test -s conftest
configure:14090: $? = 0
configure:14102: result: yes
configure:14120: checking for working memcmp
configure:14168: gcc -o conftest -pipe     -prebind -headerpad_max_install_names -Wl,-search_paths_first  conftest.c  -framework CoreFoundation >&5
configure:14171: $? = 0
configure:14173: ./conftest
configure:14176: $? = 0
configure:14190: result: yes
configure:14208: checking for memmove
configure:14265: gcc -o conftest -pipe     -prebind -headerpad_max_install_names -Wl,-search_paths_first  conftest.c  -framework CoreFoundation >&5
conftest.c:73:6: warning: incompatible redeclaration of library function 'memmove' [-Wincompatible-library-redeclaration]
char memmove ();
     ^
conftest.c:73:6: note: 'memmove' is a builtin with type 'void *(void *, const void *, unsigned long)'
1 warning generated.
configure:14271: $? = 0
configure:14275: test -z 
			 || test ! -s conftest.err
configure:14278: $? = 0
configure:14281: test -s conftest
configure:14284: $? = 0
configure:14296: result: yes
configure:14321: checking for strstr
configure:14378: gcc -o conftest -pipe     -prebind -headerpad_max_install_names -Wl,-search_paths_first  conftest.c  -framework CoreFoundation >&5
conftest.c:73:6: warning: incompatible redeclaration of library function 'strstr' [-Wincompatible-library-redeclaration]
char strstr ();
     ^
conftest.c:73:6: note: 'strstr' is a builtin with type 'char *(const char *, const char *)'
1 warning generated.
configure:14384: $? = 0
configure:14388: test -z 
			 || test ! -s conftest.err
configure:14391: $? = 0
configure:14394: test -s conftest
configure:14397: $? = 0
configure:14409: result: yes
configure:14418: checking proper strstr implementation
configure:14438: gcc -o conftest -pipe     -prebind -headerpad_max_install_names -Wl,-search_paths_first  conftest.c  -framework CoreFoundation >&5
conftest.c:50:16: warning: incompatible redeclaration of library function 'strstr' [-Wincompatible-library-redeclaration]
    extern int strstr();
               ^
conftest.c:50:16: note: 'strstr' is a builtin with type 'char *(const char *, const char *)'
conftest.c:51:5: warning: implicitly declaring library function 'exit' with type 'void (int) __attribute__((noreturn))' [-Wimplicit-function-declaration]
    exit(strstr("\0test", "test") ? 1 : 0);
    ^
conftest.c:51:5: note: include the header <stdlib.h> or explicitly provide a declaration for 'exit'
2 warnings generated.
configure:14441: $? = 0
configure:14443: ./conftest
configure:14446: $? = 0
configure:14460: result: ok
configure:14488: checking for strtoul
configure:14545: gcc -o conftest -pipe     -prebind -headerpad_max_install_names -Wl,-search_paths_first  conftest.c  -framework CoreFoundation >&5
configure:14551: $? = 0
configure:14555: test -z 
			 || test ! -s conftest.err
configure:14558: $? = 0
configure:14561: test -s conftest
configure:14564: $? = 0
configure:14576: result: yes
configure:14585: checking proper strtoul implementation
configure:14606: gcc -o conftest -pipe     -prebind -headerpad_max_install_names -Wl,-search_paths_first  conftest.c  -framework CoreFoundation >&5
conftest.c:52:5: warning: implicitly declaring library function 'exit' with type 'void (int) __attribute__((noreturn))' [-Wimplicit-function-declaration]
    exit(strtoul(string,&term,0) != 0 || term != string+1);
    ^
conftest.c:52:5: note: include the header <stdlib.h> or explicitly provide a declaration for 'exit'
1 warning generated.
configure:14609: $? = 0
configure:14611: ./conftest
configure:14614: $? = 0
configure:14628: result: ok
configure:14655: checking for strtod
configure:14712: gcc -o conftest -pipe     -prebind -headerpad_max_install_names -Wl,-search_paths_first  conftest.c  -framework CoreFoundation >&5
configure:14718: $? = 0
configure:14722: test -z 
			 || test ! -s conftest.err
configure:14725: $? = 0
configure:14728: test -s conftest
configure:14731: $? = 0
configure:14743: result: yes
configure:14752: checking proper strtod implementation
configure:14773: gcc -o conftest -pipe     -prebind -headerpad_max_install_names -Wl,-search_paths_first  conftest.c  -framework CoreFoundation >&5
conftest.c:52:5: warning: implicitly declaring library function 'exit' with type 'void (int) __attribute__((noreturn))' [-Wimplicit-function-declaration]
    exit(strtod(string,&term) != 69 || term != string+4);
    ^
conftest.c:52:5: note: include the header <stdlib.h> or explicitly provide a declaration for 'exit'
1 warning generated.
configure:14776: $? = 0
configure:14778: ./conftest
configure:14781: $? = 0
configure:14795: result: ok
configure:14824: checking for strtod
configure:14912: result: yes
configure:14921: checking for Solaris2.4/Tru64 strtod bugs
configure:14958: gcc -o conftest -pipe     -prebind -headerpad_max_install_names -Wl,-search_paths_first  conftest.c  -framework CoreFoundation >&5
conftest.c:57:4: warning: implicitly declaring library function 'exit' with type 'void (int) __attribute__((noreturn))' [-Wimplicit-function-declaration]
                        exit(1);
                        ^
conftest.c:57:4: note: include the header <stdlib.h> or explicitly provide a declaration for 'exit'
1 warning generated.
configure:14961: $? = 0
configure:14963: ./conftest
configure:14966: $? = 0
configure:14980: result: ok
configure:15006: checking for mode_t
configure:15030: gcc -c -pipe    conftest.c >&5
configure:15036: $? = 0
configure:15040: test -z 
			 || test ! -s conftest.err
configure:15043: $? = 0
configure:15046: test -s conftest.o
configure:15049: $? = 0
configure:15060: result: yes
configure:15072: checking for pid_t
configure:15096: gcc -c -pipe    conftest.c >&5
configure:15102: $? = 0
configure:15106: test -z 
			 || test ! -s conftest.err
configure:15109: $? = 0
configure:15112: test -s conftest.o
configure:15115: $? = 0
configure:15126: result: yes
configure:15138: checking for size_t
configure:15162: gcc -c -pipe    conftest.c >&5
configure:15168: $? = 0
configure:15172: test -z 
			 || test ! -s conftest.err
configure:15175: $? = 0
configure:15178: test -s conftest.o
configure:15181: $? = 0
configure:15192: result: yes
configure:15204: checking for uid_t in sys/types.h
configure:15227: result: yes
configure:15243: checking for socklen_t
configure:15270: gcc -c -pipe    conftest.c >&5
configure:15276: $? = 0
configure:15280: test -z 
			 || test ! -s conftest.err
configure:15283: $? = 0
configure:15286: test -s conftest.o
configure:15289: $? = 0
configure:15300: result: yes
configure:15310: checking for intptr_t
configure:15334: gcc -c -pipe    conftest.c >&5
configure:15340: $? = 0
configure:15344: test -z 
			 || test ! -s conftest.err
configure:15347: $? = 0
configure:15350: test -s conftest.o
configure:15353: $? = 0
configure:15364: result: yes
configure:15445: checking for uintptr_t
configure:15469: gcc -c -pipe    conftest.c >&5
configure:15475: $? = 0
configure:15479: test -z 
			 || test ! -s conftest.err
configure:15482: $? = 0
configure:15485: test -s conftest.o
configure:15488: $? = 0
configure:15499: result: yes
configure:15589: checking for opendir
configure:15677: result: yes
configure:15698: checking union wait
configure:15725: gcc -o conftest -pipe     -prebind -headerpad_max_install_names -Wl,-search_paths_first  conftest.c  -framework CoreFoundation >&5
configure:15731: $? = 0
configure:15735: test -z 
			 || test ! -s conftest.err
configure:15738: $? = 0
configure:15741: test -s conftest
configure:15744: $? = 0
configure:15756: result: yes
configure:15772: checking for strncasecmp
configure:15829: gcc -o conftest -pipe     -prebind -headerpad_max_install_names -Wl,-search_paths_first  conftest.c  -framework CoreFoundation >&5
conftest.c:75:6: warning: incompatible redeclaration of library function 'strncasecmp' [-Wincompatible-library-redeclaration]
char strncasecmp ();
     ^
conftest.c:75:6: note: 'strncasecmp' is a builtin with type 'int (const char *, const char *, unsigned long)'
1 warning generated.
configure:15835: $? = 0
configure:15839: test -z 
			 || test ! -s conftest.err
configure:15842: $? = 0
configure:15845: test -s conftest
configure:15848: $? = 0
configure:15860: result: yes
configure:16035: checking for BSDgettimeofday
configure:16092: gcc -o conftest -pipe     -prebind -headerpad_max_install_names -Wl,-search_paths_first  conftest.c  -framework CoreFoundation >&5
Undefined symbols for architecture x86_64:
  "_BSDgettimeofday", referenced from:
      _main in conftest-b9ebf4.o
      _f in conftest-b9ebf4.o
ld: symbol(s) not found for architecture x86_64
clang: error: linker command failed with exit code 1 (use -v to see invocation)
configure:16098: $? = 1
configure: failed program was:
| /* confdefs.h.  */
| 
| #define PACKAGE_NAME "tcl"
| #define PACKAGE_TARNAME "tcl"
| #define PACKAGE_VERSION "8.5"
| #define PACKAGE_STRING "tcl 8.5"
| #define PACKAGE_BUGREPORT ""
| #define STDC_HEADERS 1
| #define HAVE_SYS_TYPES_H 1
| #define HAVE_SYS_STAT_H 1
| #define HAVE_STDLIB_H 1
| #define HAVE_STRING_H 1
| #define HAVE_MEMORY_H 1
| #define HAVE_STRINGS_H 1
| #define HAVE_INTTYPES_H 1
| #define HAVE_STDINT_H 1
| #define HAVE_UNISTD_H 1
| #define NO_VALUES_H 1
| #define HAVE_LIMITS_H 1
| #define HAVE_SYS_PARAM_H 1
| #define TCL_CFGVAL_ENCODING "iso8859-1"
| #define STATIC_BUILD 1
| #define MODULE_SCOPE extern __attribute__((__visibility__("hidden")))
| #define MAC_OSX_TCL 1
| #define HAVE_COREFOUNDATION 1
| #define TCL_SHLIB_EXT ".dylib"
| #define TCL_CFG_OPTIMIZED 1
| #define TCL_CFG_DEBUG 1
| #define TCL_TOMMATH 1
| #define MP_PREC 4
| #define TCL_WIDE_INT_IS_LONG 1
| #define HAVE_GETCWD 1
| #define HAVE_OPENDIR 1
| #define HAVE_STRTOL 1
| #define HAVE_WAITPID 1
| #define HAVE_GETADDRINFO 1
| #define USE_TERMIOS 1
| #define HAVE_SYS_TIME_H 1
| #define TIME_WITH_SYS_TIME 1
| #define HAVE_GMTIME_R 1
| #define HAVE_LOCALTIME_R 1
| #define HAVE_MKTIME 1
| #define HAVE_TM_GMTOFF 1
| #define HAVE_TIMEZONE_VAR 1
| #define HAVE_STRUCT_STAT_ST_BLOCKS 1
| #define HAVE_STRUCT_STAT_ST_BLKSIZE 1
| #define HAVE_BLKCNT_T 1
| #define HAVE_INTPTR_T 1
| #define HAVE_UINTPTR_T 1
| /* end confdefs.h.  */
| /* Define BSDgettimeofday to an innocuous variant, in case <limits.h> declares BSDgettimeofday.
|    For example, HP-UX 11i <limits.h> declares gettimeofday.  */
| #define BSDgettimeofday innocuous_BSDgettimeofday
| 
| /* System header to define __stub macros and hopefully few prototypes,
|     which can conflict with char BSDgettimeofday (); below.
|     Prefer <limits.h> to <assert.h> if __STDC__ is defined, since
|     <limits.h> exists even on freestanding compilers.  */
| 
| #ifdef __STDC__
| # include <limits.h>
| #else
| # include <assert.h>
| #endif
| 
| #undef BSDgettimeofday
| 
| /* Override any gcc2 internal prototype to avoid an error.  */
| #ifdef __cplusplus
| extern "C"
| {
| #endif
| /* We use char because int might match the return type of a gcc2
|    builtin and then its argument prototype would still apply.  */
| char BSDgettimeofday ();
| /* The GNU C library defines this for functions which it implements
|     to always fail with ENOSYS.  Some functions are actually named
|     something starting with __ and the normal name is an alias.  */
| #if defined (__stub_BSDgettimeofday) || defined (__stub___BSDgettimeofday)
| choke me
| #else
| char (*f) () = BSDgettimeofday;
| #endif
| #ifdef __cplusplus
| }
| #endif
| 
| int
| main ()
| {
| return f != BSDgettimeofday;
|   ;
|   return 0;
| }
configure:16123: result: no
configure:16133: checking for gettimeofday
configure:16190: gcc -o conftest -pipe     -prebind -headerpad_max_install_names -Wl,-search_paths_first  conftest.c  -framework CoreFoundation >&5
configure:16196: $? = 0
configure:16200: test -z 
			 || test ! -s conftest.err
configure:16203: $? = 0
configure:16206: test -s conftest
configure:16209: $? = 0
configure:16221: result: yes
configure:16236: checking for gettimeofday declaration
configure:16260: result: present
configure:16277: checking whether char is unsigned
configure:16300: gcc -c -pipe    conftest.c >&5
configure:16306: $? = 0
configure:16310: test -z 
			 || test ! -s conftest.err
configure:16313: $? = 0
configure:16316: test -s conftest.o
configure:16319: $? = 0
configure:16330: result: no
configure:16339: checking signed char declarations
configure:16364: gcc -c -pipe    conftest.c >&5
configure:16370: $? = 0
configure:16374: test -z 
			 || test ! -s conftest.err
configure:16377: $? = 0
configure:16380: test -s conftest.o
configure:16383: $? = 0
configure:16394: result: yes
configure:16408: checking for a putenv() that copies the buffer
configure:16444: gcc -o conftest -pipe     -prebind -headerpad_max_install_names -Wl,-search_paths_first  conftest.c  -framework CoreFoundation >&5
conftest.c:58:20: warning: implicitly declaring library function 'strdup' with type 'char *(const char *)' [-Wimplicit-function-declaration]
            foo = (char *)strdup(OURVAR);
                          ^
conftest.c:58:20: note: include the header <string.h> or explicitly provide a declaration for 'strdup'
conftest.c:60:6: warning: implicitly declaring library function 'strcpy' with type 'char *(char *, const char *)' [-Wimplicit-function-declaration]
            strcpy((char *)(strchr(foo, '=') + 1), "no");
            ^
conftest.c:60:6: note: include the header <string.h> or explicitly provide a declaration for 'strcpy'
conftest.c:60:22: warning: implicitly declaring library function 'strchr' with type 'char *(const char *, int)' [-Wimplicit-function-declaration]
            strcpy((char *)(strchr(foo, '=') + 1), "no");
                            ^
conftest.c:60:22: note: include the header <string.h> or explicitly provide a declaration for 'strchr'
conftest.c:62:11: warning: implicitly declaring library function 'strcmp' with type 'int (const char *, const char *)' [-Wimplicit-function-declaration]
            if (!strcmp(bar, "no")) {
                 ^
conftest.c:62:11: note: include the header <string.h> or explicitly provide a declaration for 'strcmp'
4 warnings generated.
configure:16447: $? = 0
configure:16449: ./conftest
configure:16452: $? = 0
configure:16466: result: no
configure:16501: checking langinfo.h usability
configure:16513: gcc -c -pipe    conftest.c >&5
configure:16519: $? = 0
configure:16523: test -z 
			 || test ! -s conftest.err
configure:16526: $? = 0
configure:16529: test -s conftest.o
configure:16532: $? = 0
configure:16542: result: yes
configure:16546: checking langinfo.h presence
configure:16556: gcc -E   conftest.c
configure:16562: $? = 0
configure:16582: result: yes
configure:16617: checking for langinfo.h
configure:16624: result: yes
configure:16636: checking whether to use nl_langinfo
configure:16659: gcc -c -pipe    conftest.c >&5
configure:16665: $? = 0
configure:16669: test -z 
			 || test ! -s conftest.err
configure:16672: $? = 0
configure:16675: test -s conftest.o
configure:16678: $? = 0
configure:16690: result: yes
configure:16713: checking for chflags
configure:16770: gcc -o conftest -pipe     -prebind -headerpad_max_install_names -Wl,-search_paths_first  conftest.c  -framework CoreFoundation >&5
configure:16776: $? = 0
configure:16780: test -z 
			 || test ! -s conftest.err
configure:16783: $? = 0
configure:16786: test -s conftest
configure:16789: $? = 0
configure:16801: result: yes
configure:16816: checking isnan
configure:16840: gcc -o conftest -pipe     -prebind -headerpad_max_install_names -Wl,-search_paths_first  conftest.c  -framework CoreFoundation >&5
configure:16846: $? = 0
configure:16850: test -z 
			 || test ! -s conftest.err
configure:16853: $? = 0
configure:16856: test -s conftest
configure:16859: $? = 0
configure:16871: result: yes
configure:16890: checking for getattrlist
configure:16947: gcc -o conftest -pipe     -prebind -headerpad_max_install_names -Wl,-search_paths_first  conftest.c  -framework CoreFoundation >&5
configure:16953: $? = 0
configure:16957: test -z 
			 || test ! -s conftest.err
configure:16960: $? = 0
configure:16963: test -s conftest
configure:16966: $? = 0
configure:16978: result: yes
configure:17002: checking copyfile.h usability
configure:17014: gcc -c -pipe    conftest.c >&5
configure:17020: $? = 0
configure:17024: test -z 
			 || test ! -s conftest.err
configure:17027: $? = 0
configure:17030: test -s conftest.o
configure:17033: $? = 0
configure:17043: result: yes
configure:17047: checking copyfile.h presence
configure:17057: gcc -E   conftest.c
configure:17063: $? = 0
configure:17083: result: yes
configure:17118: checking for copyfile.h
configure:17125: result: yes
configure:17142: checking for copyfile
configure:17199: gcc -o conftest -pipe     -prebind -headerpad_max_install_names -Wl,-search_paths_first  conftest.c  -framework CoreFoundation >&5
configure:17205: $? = 0
configure:17209: test -z 
			 || test ! -s conftest.err
configure:17212: $? = 0
configure:17215: test -s conftest
configure:17218: $? = 0
configure:17230: result: yes
configure:17255: checking libkern/OSAtomic.h usability
configure:17267: gcc -c -pipe    conftest.c >&5
configure:17273: $? = 0
configure:17277: test -z 
			 || test ! -s conftest.err
configure:17280: $? = 0
configure:17283: test -s conftest.o
configure:17286: $? = 0
configure:17296: result: yes
configure:17300: checking libkern/OSAtomic.h presence
configure:17310: gcc -E   conftest.c
configure:17316: $? = 0
configure:17336: result: yes
configure:17371: checking for libkern/OSAtomic.h
configure:17378: result: yes
configure:17395: checking for OSSpinLockLock
configure:17452: gcc -o conftest -pipe     -prebind -headerpad_max_install_names -Wl,-search_paths_first  conftest.c  -framework CoreFoundation >&5
configure:17458: $? = 0
configure:17462: test -z 
			 || test ! -s conftest.err
configure:17465: $? = 0
configure:17468: test -s conftest
configure:17471: $? = 0
configure:17483: result: yes
configure:17497: checking for pthread_atfork
configure:17554: gcc -o conftest -pipe     -prebind -headerpad_max_install_names -Wl,-search_paths_first  conftest.c  -framework CoreFoundation >&5
configure:17560: $? = 0
configure:17564: test -z 
			 || test ! -s conftest.err
configure:17567: $? = 0
configure:17570: test -s conftest
configure:17573: $? = 0
configure:17585: result: yes
configure:17630: checking AvailabilityMacros.h usability
configure:17642: gcc -c -pipe    conftest.c >&5
configure:17648: $? = 0
configure:17652: test -z 
			 || test ! -s conftest.err
configure:17655: $? = 0
configure:17658: test -s conftest.o
configure:17661: $? = 0
configure:17671: result: yes
configure:17675: checking AvailabilityMacros.h presence
configure:17685: gcc -E   conftest.c
configure:17691: $? = 0
configure:17711: result: yes
configure:17746: checking for AvailabilityMacros.h
configure:17753: result: yes
configure:17767: checking if weak import is available
configure:17799: gcc -o conftest -pipe  -Werror    -prebind -headerpad_max_install_names -Wl,-search_paths_first  conftest.c  -framework CoreFoundation >&5
configure:17805: $? = 0
configure:17809: test -z 
			 || test ! -s conftest.err
configure:17812: $? = 0
configure:17815: test -s conftest
configure:17818: $? = 0
configure:17831: result: yes
configure:17840: checking if Darwin SUSv3 extensions are available
configure:17873: gcc -c -pipe  -Werror   conftest.c >&5
configure:17879: $? = 0
configure:17883: test -z 
			 || test ! -s conftest.err
configure:17886: $? = 0
configure:17889: test -s conftest.o
configure:17892: $? = 0
configure:17904: result: yes
configure:17926: checking for fts
configure:17956: gcc -o conftest -pipe     -prebind -headerpad_max_install_names -Wl,-search_paths_first  conftest.c  -framework CoreFoundation >&5
configure:17962: $? = 0
configure:17966: test -z 
			 || test ! -s conftest.err
configure:17969: $? = 0
configure:17972: test -s conftest
configure:17975: $? = 0
configure:17987: result: yes
configure:18019: checking sys/ioctl.h usability
configure:18031: gcc -c -pipe    conftest.c >&5
configure:18037: $? = 0
configure:18041: test -z 
			 || test ! -s conftest.err
configure:18044: $? = 0
configure:18047: test -s conftest.o
configure:18050: $? = 0
configure:18060: result: yes
configure:18064: checking sys/ioctl.h presence
configure:18074: gcc -E   conftest.c
configure:18080: $? = 0
configure:18100: result: yes
configure:18135: checking for sys/ioctl.h
configure:18142: result: yes
configure:18169: checking sys/filio.h usability
configure:18181: gcc -c -pipe    conftest.c >&5
configure:18187: $? = 0
configure:18191: test -z 
			 || test ! -s conftest.err
configure:18194: $? = 0
configure:18197: test -s conftest.o
configure:18200: $? = 0
configure:18210: result: yes
configure:18214: checking sys/filio.h presence
configure:18224: gcc -E   conftest.c
configure:18230: $? = 0
configure:18250: result: yes
configure:18285: checking for sys/filio.h
configure:18292: result: yes
configure:18306: checking system version
configure:18334: result: Darwin-17.3.0
configure:18338: checking FIONBIO vs. O_NONBLOCK for nonblocking I/O
configure:18365: result: O_NONBLOCK
configure:18373: checking whether to use dll unloading
configure:18389: result: yes
configure:18398: checking for timezone data
configure:18439: result: /usr/share/zoneinfo
configure:18658: checking whether to enable DTrace support
configure:18683: result: no
configure:18690: checking if the C stack grows upwards in memory
configure:18719: gcc -o conftest -pipe     -prebind -headerpad_max_install_names -Wl,-search_paths_first  conftest.c  -framework CoreFoundation >&5
configure:18722: $? = 0
configure:18724: ./conftest
configure:18727: $? = 1
configure: program exited with status 1
configure: failed program was:
| /* confdefs.h.  */
| 
| #define PACKAGE_NAME "tcl"
| #define PACKAGE_TARNAME "tcl"
| #define PACKAGE_VERSION "8.5"
| #define PACKAGE_STRING "tcl 8.5"
| #define PACKAGE_BUGREPORT ""
| #define STDC_HEADERS 1
| #define HAVE_SYS_TYPES_H 1
| #define HAVE_SYS_STAT_H 1
| #define HAVE_STDLIB_H 1
| #define HAVE_STRING_H 1
| #define HAVE_MEMORY_H 1
| #define HAVE_STRINGS_H 1
| #define HAVE_INTTYPES_H 1
| #define HAVE_STDINT_H 1
| #define HAVE_UNISTD_H 1
| #define NO_VALUES_H 1
| #define HAVE_LIMITS_H 1
| #define HAVE_SYS_PARAM_H 1
| #define TCL_CFGVAL_ENCODING "iso8859-1"
| #define STATIC_BUILD 1
| #define MODULE_SCOPE extern __attribute__((__visibility__("hidden")))
| #define MAC_OSX_TCL 1
| #define HAVE_COREFOUNDATION 1
| #define TCL_SHLIB_EXT ".dylib"
| #define TCL_CFG_OPTIMIZED 1
| #define TCL_CFG_DEBUG 1
| #define TCL_TOMMATH 1
| #define MP_PREC 4
| #define TCL_WIDE_INT_IS_LONG 1
| #define HAVE_GETCWD 1
| #define HAVE_OPENDIR 1
| #define HAVE_STRTOL 1
| #define HAVE_WAITPID 1
| #define HAVE_GETADDRINFO 1
| #define USE_TERMIOS 1
| #define HAVE_SYS_TIME_H 1
| #define TIME_WITH_SYS_TIME 1
| #define HAVE_GMTIME_R 1
| #define HAVE_LOCALTIME_R 1
| #define HAVE_MKTIME 1
| #define HAVE_TM_GMTOFF 1
| #define HAVE_TIMEZONE_VAR 1
| #define HAVE_STRUCT_STAT_ST_BLOCKS 1
| #define HAVE_STRUCT_STAT_ST_BLKSIZE 1
| #define HAVE_BLKCNT_T 1
| #define HAVE_INTPTR_T 1
| #define HAVE_UINTPTR_T 1
| #define HAVE_SIGNED_CHAR 1
| #define HAVE_LANGINFO 1
| #define HAVE_CHFLAGS 1
| #define HAVE_GETATTRLIST 1
| #define HAVE_COPYFILE_H 1
| #define HAVE_COPYFILE 1
| #define HAVE_LIBKERN_OSATOMIC_H 1
| #define HAVE_OSSPINLOCKLOCK 1
| #define HAVE_PTHREAD_ATFORK 1
| #define USE_VFORK 1
| #define TCL_DEFAULT_ENCODING "utf-8"
| #define TCL_LOAD_FROM_MEMORY 1
| #define TCL_WIDE_CLICKS 1
| #define HAVE_AVAILABILITYMACROS_H 1
| #define HAVE_WEAK_IMPORT 1
| #define _DARWIN_C_SOURCE 1
| #define HAVE_FTS 1
| #define HAVE_SYS_IOCTL_H 1
| #define HAVE_SYS_FILIO_H 1
| #define TCL_UNLOAD_DLLS 1
| /* end confdefs.h.  */
| 
| 	int StackGrowsUp(int *parent) {
| 	    int here;
| 	    if (parent)
| 		return (&here < parent);
| 	    else
| 		return StackGrowsUp(&here);
| 	}
| 	int main (int argc, char *argv[]) {
| 	    return StackGrowsUp(0);
| 	}
| 
configure:18741: result: no
configure:18784: checking how to package libraries
configure:18814: result: static library
configure:19105: creating ./config.status

## ---------------------- ##
## Running config.status. ##
## ---------------------- ##

This file was extended by tcl config.status 8.5, which was
generated by GNU Autoconf 2.59.  Invocation command line was

  CONFIG_FILES    = 
  CONFIG_HEADERS  = 
  CONFIG_LINKS    = 
  CONFIG_COMMANDS = 
  $ ./config.status 

on MACs-MacBook-Pro.local

config.status:724: creating Tcl-Info.plist
config.status:724: creating Tclsh-Info.plist
config.status:724: creating Makefile
config.status:724: creating dltest/Makefile
config.status:724: creating tclConfig.sh

## ---------------- ##
## Cache variables. ##
## ---------------- ##

ac_cv_c_bigendian=no
ac_cv_c_char_unsigned=no
ac_cv_c_compiler_gnu=yes
ac_cv_c_inline=inline
ac_cv_env_CC_set=
ac_cv_env_CC_value=
ac_cv_env_CFLAGS_set=
ac_cv_env_CFLAGS_value=
ac_cv_env_CPPFLAGS_set=
ac_cv_env_CPPFLAGS_value=
ac_cv_env_CPP_set=
ac_cv_env_CPP_value=
ac_cv_env_LDFLAGS_set=
ac_cv_env_LDFLAGS_value=
ac_cv_env_build_alias_set=
ac_cv_env_build_alias_value=
ac_cv_env_host_alias_set=
ac_cv_env_host_alias_value=
ac_cv_env_target_alias_set=
ac_cv_env_target_alias_value=
ac_cv_exeext=
ac_cv_func_BSDgettimeofday=no
ac_cv_func_OSSpinLockLock=yes
ac_cv_func_chflags=yes
ac_cv_func_connect=yes
ac_cv_func_copyfile=yes
ac_cv_func_fstatfs=yes
ac_cv_func_getaddrinfo=yes
ac_cv_func_getattrlist=yes
ac_cv_func_getcwd=yes
ac_cv_func_gethostbyname=yes
ac_cv_func_gettimeofday=yes
ac_cv_func_getwd=yes
ac_cv_func_gmtime_r=yes
ac_cv_func_localtime_r=yes
ac_cv_func_memcmp_working=yes
ac_cv_func_memmove=yes
ac_cv_func_mktime=yes
ac_cv_func_opendir=yes
ac_cv_func_pthread_atfork=yes
ac_cv_func_realpath=yes
ac_cv_func_sin=yes
ac_cv_func_strerror=yes
ac_cv_func_strncasecmp=yes
ac_cv_func_strstr=yes
ac_cv_func_strtod=yes
ac_cv_func_strtol=yes
ac_cv_func_strtoul=yes
ac_cv_func_uname=yes
ac_cv_func_wait3=yes
ac_cv_func_waitpid=yes
ac_cv_header_AvailabilityMacros_h=yes
ac_cv_header_copyfile_h=yes
ac_cv_header_dlfcn_h=yes
ac_cv_header_float_h=yes
ac_cv_header_inttypes_h=yes
ac_cv_header_langinfo_h=yes
ac_cv_header_libkern_OSAtomic_h=yes
ac_cv_header_limits_h=yes
ac_cv_header_memory_h=yes
ac_cv_header_net_errno_h=no
ac_cv_header_stdc=yes
ac_cv_header_stdint_h=yes
ac_cv_header_stdlib_h=yes
ac_cv_header_string_h=yes
ac_cv_header_strings_h=yes
ac_cv_header_sys_filio_h=yes
ac_cv_header_sys_ioctl_h=yes
ac_cv_header_sys_modem_h=no
ac_cv_header_sys_param_h=yes
ac_cv_header_sys_stat_h=yes
ac_cv_header_sys_time_h=yes
ac_cv_header_sys_types_h=yes
ac_cv_header_sys_wait_h=yes
ac_cv_header_time=yes
ac_cv_header_unistd_h=yes
ac_cv_header_values_h=no
ac_cv_lib_dl_dlopen=yes
ac_cv_lib_ieee_main=no
ac_cv_lib_inet_main=no
ac_cv_member_struct_stat_st_blksize=yes
ac_cv_member_struct_stat_st_blocks=yes
ac_cv_objext=o
ac_cv_prog_CPP='gcc -E'
ac_cv_prog_ac_ct_AR=ar
ac_cv_prog_ac_ct_CC=gcc
ac_cv_prog_ac_ct_RANLIB=ranlib
ac_cv_prog_cc_g=yes
ac_cv_prog_cc_stdc=
ac_cv_prog_egrep='grep -E'
ac_cv_type_blkcnt_t=yes
ac_cv_type_intptr_t=yes
ac_cv_type_mode_t=yes
ac_cv_type_pid_t=yes
ac_cv_type_size_t=yes
ac_cv_type_uid_t=yes
ac_cv_type_uintptr_t=yes
tcl_cv_api_fts=yes
tcl_cv_api_getaddrinfo=yes
tcl_cv_api_serial=termios
tcl_cv_cc_darwin_c_source=yes
tcl_cv_cc_pipe=yes
tcl_cv_cc_visibility_hidden=yes
tcl_cv_cc_weak_import=yes
tcl_cv_char_signed=yes
tcl_cv_dir_zoneinfo=/usr/share/zoneinfo
tcl_cv_dirent_h=yes
tcl_cv_flag__isoc99_source=no
tcl_cv_flag__largefile64_source=no
tcl_cv_flag__largefile_source64=no
tcl_cv_grep_gettimeofday=present
tcl_cv_isnan=yes
tcl_cv_langinfo_h=yes
tcl_cv_ld_search_paths_first=yes
tcl_cv_ld_single_module=yes
tcl_cv_lib_corefoundation=yes
tcl_cv_member_tm_gmtoff=yes
tcl_cv_member_tm_tzadj=no
tcl_cv_putenv_copy=no
tcl_cv_stack_grows_up=no
tcl_cv_strstr_unbroken=ok
tcl_cv_strtod_buggy=ok
tcl_cv_strtod_unbroken=ok
tcl_cv_strtoul_unbroken=ok
tcl_cv_sys_version=Darwin-17.3.0
tcl_cv_timezone_long=yes
tcl_cv_type_64bit=none
tcl_cv_type_fd_set=yes
tcl_cv_type_socklen_t=yes
tcl_cv_union_wait=yes

## ----------------- ##
## Output variables. ##
## ----------------- ##

AR='ar'
BUILD_DLTEST='$(DLTEST_TARGETS)'
CC='gcc'
CC_SEARCH_FLAGS=''
CFG_TCL_SHARED_LIB_SUFFIX='${VERSION}.dylib'
CFG_TCL_UNSHARED_LIB_SUFFIX='${VERSION}.a'
CFLAGS='-pipe   '
CFLAGS_DEBUG='-g'
CFLAGS_DEFAULT='$(CFLAGS_OPTIMIZE)'
CFLAGS_OPTIMIZE='-Os'
CFLAGS_WARNING='-Wall'
CPP='gcc -E'
CPPFLAGS=''
DEFS='-DPACKAGE_NAME=\"tcl\" -DPACKAGE_TARNAME=\"tcl\" -DPACKAGE_VERSION=\"8.5\" -DPACKAGE_STRING=\"tcl\ 8.5\" -DPACKAGE_BUGREPORT=\"\" -DSTDC_HEADERS=1 -DHAVE_SYS_TYPES_H=1 -DHAVE_SYS_STAT_H=1 -DHAVE_STDLIB_H=1 -DHAVE_STRING_H=1 -DHAVE_MEMORY_H=1 -DHAVE_STRINGS_H=1 -DHAVE_INTTYPES_H=1 -DHAVE_STDINT_H=1 -DHAVE_UNISTD_H=1 -DNO_VALUES_H=1 -DHAVE_LIMITS_H=1 -DHAVE_SYS_PARAM_H=1 -DTCL_CFGVAL_ENCODING=\"iso8859-1\" -DSTATIC_BUILD=1 -DMODULE_SCOPE=extern\ __attribute__\(\(__visibility__\(\"hidden\"\)\)\) -DMAC_OSX_TCL=1 -DHAVE_COREFOUNDATION=1 -DTCL_SHLIB_EXT=\".dylib\" -DTCL_CFG_OPTIMIZED=1 -DTCL_CFG_DEBUG=1 -DTCL_TOMMATH=1 -DMP_PREC=4 -DTCL_WIDE_INT_IS_LONG=1 -DHAVE_GETCWD=1 -DHAVE_OPENDIR=1 -DHAVE_STRTOL=1 -DHAVE_WAITPID=1 -DHAVE_GETADDRINFO=1 -DUSE_TERMIOS=1 -DHAVE_SYS_TIME_H=1 -DTIME_WITH_SYS_TIME=1 -DHAVE_GMTIME_R=1 -DHAVE_LOCALTIME_R=1 -DHAVE_MKTIME=1 -DHAVE_TM_GMTOFF=1 -DHAVE_TIMEZONE_VAR=1 -DHAVE_STRUCT_STAT_ST_BLOCKS=1 -DHAVE_STRUCT_STAT_ST_BLKSIZE=1 -DHAVE_BLKCNT_T=1 -DHAVE_INTPTR_T=1 -DHAVE_UINTPTR_T=1 -DHAVE_SIGNED_CHAR=1 -DHAVE_LANGINFO=1 -DHAVE_CHFLAGS=1 -DHAVE_GETATTRLIST=1 -DHAVE_COPYFILE_H=1 -DHAVE_COPYFILE=1 -DHAVE_LIBKERN_OSATOMIC_H=1 -DHAVE_OSSPINLOCKLOCK=1 -DHAVE_PTHREAD_ATFORK=1 -DUSE_VFORK=1 -DTCL_DEFAULT_ENCODING=\"utf-8\" -DTCL_LOAD_FROM_MEMORY=1 -DTCL_WIDE_CLICKS=1 -DHAVE_AVAILABILITYMACROS_H=1 -DHAVE_WEAK_IMPORT=1 -D_DARWIN_C_SOURCE=1 -DHAVE_FTS=1 -DHAVE_SYS_IOCTL_H=1 -DHAVE_SYS_FILIO_H=1 -DTCL_UNLOAD_DLLS=1 '
DLTEST_LD='${CC} -bundle -Wl,-w ${CFLAGS} ${LDFLAGS}'
DLTEST_SUFFIX='.bundle'
DL_LIBS=''
DL_OBJS='tclLoadDyld.o'
DTRACE=''
DTRACE_HDR=''
DTRACE_OBJ=''
DTRACE_SRC=''
ECHO_C='ECHO_N=''
ECHO_T=''
EGREP='grep -E'
EXEEXT=''
EXTRA_APP_CC_SWITCHES='-mdynamic-no-pic'
EXTRA_BUILD_HTML=''
EXTRA_CC_SWITCHES=''
EXTRA_INSTALL=''
EXTRA_INSTALL_BINARIES=''
EXTRA_TCLSH_LIBS='-sectcreate __TEXT __info_plist Tclsh-Info.plist'
HTML_DIR='$(DISTDIR)/html'
INSTALL_LIB='$(INSTALL_LIBRARY) $(LIB_FILE) "$(LIB_INSTALL_DIR)"/$(LIB_FILE) ; (cd "$(LIB_INSTALL_DIR)" ; $(RANLIB) $(LIB_FILE))'
INSTALL_STUB_LIB='$(INSTALL_LIBRARY) $(STUB_LIB_FILE) "$(LIB_INSTALL_DIR)"/$(STUB_LIB_FILE) ; (cd "$(LIB_INSTALL_DIR)" ; $(RANLIB) $(STUB_LIB_FILE))'
INSTALL_TZDATA=''
LDAIX_SRC=''
LDFLAGS=' -prebind -headerpad_max_install_names -Wl,-search_paths_first '
LDFLAGS_DEBUG=''
LDFLAGS_DEFAULT='$(LDFLAGS_OPTIMIZE)'
LDFLAGS_OPTIMIZE=''
LD_LIBRARY_PATH_VAR='DYLD_LIBRARY_PATH'
LD_SEARCH_FLAGS=''
LIBOBJS=''
LIBS=' -framework CoreFoundation'
MAKEFILE_SHELL='/bin/sh'
MAKE_LIB='${STLIB_LD} $@ ${OBJS} ; ${RANLIB} $@'
MAKE_STUB_LIB='${STLIB_LD} $@ ${STUB_LIB_OBJS} ; ${RANLIB} $@'
MAN_FLAGS=''
OBJEXT='o'
PACKAGE_BUGREPORT=''
PACKAGE_NAME='tcl'
PACKAGE_STRING='tcl 8.5'
PACKAGE_TARNAME='tcl'
PACKAGE_VERSION='8.5'
PATH_SEPARATOR=':'
PLAT_OBJS='${MAC_OSX_OBJS}'
PLAT_SRCS='${MAC_OSX_SRCS}'
PRIVATE_INCLUDE_DIR='$(includedir)'
RANLIB='ranlib'
SHELL='/bin/sh'
SHLIB_CFLAGS='-fno-common'
SHLIB_LD='${CC} -dynamiclib ${CFLAGS} ${LDFLAGS} -Wl,-single_module'
SHLIB_LD_LIBS='${LIBS}'
SHLIB_SUFFIX='.dylib'
STLIB_LD='${AR} cr'
TCL_BUILD_LIB_SPEC='-L/Users/mac/Desktop/ns-allinone-2.35/tcl8.5.10/unix -ltcl8.5'
TCL_BUILD_STUB_LIB_PATH='/Users/mac/Desktop/ns-allinone-2.35/tcl8.5.10/unix/libtclstub8.5.a'
TCL_BUILD_STUB_LIB_SPEC='-L/Users/mac/Desktop/ns-allinone-2.35/tcl8.5.10/unix -ltclstub8.5'
TCL_HAS_LONGLONG=''
TCL_INCLUDE_SPEC='-I/Users/mac/Desktop/ns-allinone-2.35/include'
TCL_LIBRARY='$(prefix)/lib/tcl$(VERSION)'
TCL_LIBS='  -framework CoreFoundation '
TCL_LIB_FILE='libtcl8.5.a'
TCL_LIB_FLAG='-ltcl8.5'
TCL_LIB_SPEC='-L/Users/mac/Desktop/ns-allinone-2.35/lib -ltcl8.5'
TCL_LIB_VERSIONS_OK='ok'
TCL_MAJOR_VERSION='8'
TCL_MINOR_VERSION='5'
TCL_MODULE_PATH=''
TCL_PACKAGE_PATH='/Users/mac/Desktop/ns-allinone-2.35/lib '
TCL_PATCH_LEVEL='.10'
TCL_SHARED_BUILD='0'
TCL_SHARED_LIB_SUFFIX='${VERSION}${SHLIB_SUFFIX}'
TCL_SHLIB_LD_EXTRAS='-compatibility_version 8.5 -current_version 8.5.10 -install_name "${DYLIB_INSTALL_DIR}"/${TCL_LIB_FILE} -seg1addr 0xa000000 -sectcreate __TEXT __info_plist Tcl-Info.plist'
TCL_SRC_DIR='/Users/mac/Desktop/ns-allinone-2.35/tcl8.5.10'
TCL_STUB_LIB_FILE='libtclstub8.5.a'
TCL_STUB_LIB_FLAG='-ltclstub8.5'
TCL_STUB_LIB_PATH='/Users/mac/Desktop/ns-allinone-2.35/lib/libtclstub8.5.a'
TCL_STUB_LIB_SPEC='-L/Users/mac/Desktop/ns-allinone-2.35/lib -ltclstub8.5'
TCL_THREADS='0'
TCL_UNSHARED_LIB_SUFFIX='${VERSION}.a'
TCL_VERSION='8.5'
TCL_YEAR='2018'
TK_SHLIB_LD_EXTRAS=''
ac_ct_AR='ar'
ac_ct_CC='gcc'
ac_ct_RANLIB='ranlib'
bindir='${exec_prefix}/bin'
build_alias=''
datadir='${prefix}/share'
exec_prefix='/Users/mac/Desktop/ns-allinone-2.35'
host_alias=''
includedir='${prefix}/include'
infodir='${prefix}/info'
libdir='/Users/mac/Desktop/ns-allinone-2.35/lib'
libexecdir='${exec_prefix}/libexec'
localstatedir='${prefix}/var'
mandir='${prefix}/man'
oldincludedir='/usr/include'
prefix='/Users/mac/Desktop/ns-allinone-2.35'
program_transform_name='s,x,x,'
sbindir='${exec_prefix}/sbin'
sharedstatedir='${prefix}/com'
sysconfdir='${prefix}/etc'
target_alias=''

## ----------- ##
## confdefs.h. ##
## ----------- ##

#define HAVE_AVAILABILITYMACROS_H 1
#define HAVE_BLKCNT_T 1
#define HAVE_CHFLAGS 1
#define HAVE_COPYFILE 1
#define HAVE_COPYFILE_H 1
#define HAVE_COREFOUNDATION 1
#define HAVE_FTS 1
#define HAVE_GETADDRINFO 1
#define HAVE_GETATTRLIST 1
#define HAVE_GETCWD 1
#define HAVE_GMTIME_R 1
#define HAVE_INTPTR_T 1
#define HAVE_INTTYPES_H 1
#define HAVE_LANGINFO 1
#define HAVE_LIBKERN_OSATOMIC_H 1
#define HAVE_LIMITS_H 1
#define HAVE_LOCALTIME_R 1
#define HAVE_MEMORY_H 1
#define HAVE_MKTIME 1
#define HAVE_OPENDIR 1
#define HAVE_OSSPINLOCKLOCK 1
#define HAVE_PTHREAD_ATFORK 1
#define HAVE_SIGNED_CHAR 1
#define HAVE_STDINT_H 1
#define HAVE_STDLIB_H 1
#define HAVE_STRINGS_H 1
#define HAVE_STRING_H 1
#define HAVE_STRTOL 1
#define HAVE_STRUCT_STAT_ST_BLKSIZE 1
#define HAVE_STRUCT_STAT_ST_BLOCKS 1
#define HAVE_SYS_FILIO_H 1
#define HAVE_SYS_IOCTL_H 1
#define HAVE_SYS_PARAM_H 1
#define HAVE_SYS_STAT_H 1
#define HAVE_SYS_TIME_H 1
#define HAVE_SYS_TYPES_H 1
#define HAVE_TIMEZONE_VAR 1
#define HAVE_TM_GMTOFF 1
#define HAVE_UINTPTR_T 1
#define HAVE_UNISTD_H 1
#define HAVE_WAITPID 1
#define HAVE_WEAK_IMPORT 1
#define MAC_OSX_TCL 1
#define MODULE_SCOPE extern __attribute__((__visibility__("hidden")))
#define MP_PREC 4
#define NO_VALUES_H 1
#define PACKAGE_BUGREPORT ""
#define PACKAGE_NAME "tcl"
#define PACKAGE_STRING "tcl 8.5"
#define PACKAGE_TARNAME "tcl"
#define PACKAGE_VERSION "8.5"
#define STATIC_BUILD 1
#define STDC_HEADERS 1
#define TCL_CFGVAL_ENCODING "iso8859-1"
#define TCL_CFG_DEBUG 1
#define TCL_CFG_OPTIMIZED 1
#define TCL_DEFAULT_ENCODING "utf-8"
#define TCL_LOAD_FROM_MEMORY 1
#define TCL_SHLIB_EXT ".dylib"
#define TCL_TOMMATH 1
#define TCL_UNLOAD_DLLS 1
#define TCL_WIDE_CLICKS 1
#define TCL_WIDE_INT_IS_LONG 1
#define TIME_WITH_SYS_TIME 1
#define USE_TERMIOS 1
#define USE_VFORK 1
#define _DARWIN_C_SOURCE 1

configure: exit 0
